[2025-03-15 11:01:32] local.ERROR: The provided cwd "C:\XAMPP_NEW\htdocs\playoffz-tournament-schedule\public" does not exist. {"exception":"[object] (Symfony\\Component\\Process\\Exception\\RuntimeException(code: 0): The provided cwd \"C:\\XAMPP_NEW\\htdocs\\playoffz-tournament-schedule\\public\" does not exist. at C:\\XAMPP_NEW\\htdocs\\playoffz-tournament-schedule\\vendor\\symfony\\process\\Process.php:344)
[stacktrace]
#0 C:\\XAMPP_NEW\\htdocs\\playoffz-tournament-schedule\\vendor\\laravel\\framework\\src\\Illuminate\\Foundation\\Console\\ServeCommand.php(154): Symfony\\Component\\Process\\Process->start(Object(Closure))
#1 C:\\XAMPP_NEW\\htdocs\\playoffz-tournament-schedule\\vendor\\laravel\\framework\\src\\Illuminate\\Foundation\\Console\\ServeCommand.php(93): Illuminate\\Foundation\\Console\\ServeCommand->startProcess(true)
#2 C:\\XAMPP_NEW\\htdocs\\playoffz-tournament-schedule\\vendor\\laravel\\framework\\src\\Illuminate\\Container\\BoundMethod.php(36): Illuminate\\Foundation\\Console\\ServeCommand->handle()
#3 C:\\XAMPP_NEW\\htdocs\\playoffz-tournament-schedule\\vendor\\laravel\\framework\\src\\Illuminate\\Container\\Util.php(41): Illuminate\\Container\\BoundMethod::Illuminate\\Container\\{closure}()
#4 C:\\XAMPP_NEW\\htdocs\\playoffz-tournament-schedule\\vendor\\laravel\\framework\\src\\Illuminate\\Container\\BoundMethod.php(93): Illuminate\\Container\\Util::unwrapIfClosure(Object(Closure))
#5 C:\\XAMPP_NEW\\htdocs\\playoffz-tournament-schedule\\vendor\\laravel\\framework\\src\\Illuminate\\Container\\BoundMethod.php(35): Illuminate\\Container\\BoundMethod::callBoundMethod(Object(Illuminate\\Foundation\\Application), Array, Object(Closure))
#6 C:\\XAMPP_NEW\\htdocs\\playoffz-tournament-schedule\\vendor\\laravel\\framework\\src\\Illuminate\\Container\\Container.php(662): Illuminate\\Container\\BoundMethod::call(Object(Illuminate\\Foundation\\Application), Array, Array, NULL)
#7 C:\\XAMPP_NEW\\htdocs\\playoffz-tournament-schedule\\vendor\\laravel\\framework\\src\\Illuminate\\Console\\Command.php(211): Illuminate\\Container\\Container->call(Array)
#8 C:\\XAMPP_NEW\\htdocs\\playoffz-tournament-schedule\\vendor\\symfony\\console\\Command\\Command.php(326): Illuminate\\Console\\Command->execute(Object(Symfony\\Component\\Console\\Input\\ArgvInput), Object(Illuminate\\Console\\OutputStyle))
#9 C:\\XAMPP_NEW\\htdocs\\playoffz-tournament-schedule\\vendor\\laravel\\framework\\src\\Illuminate\\Console\\Command.php(180): Symfony\\Component\\Console\\Command\\Command->run(Object(Symfony\\Component\\Console\\Input\\ArgvInput), Object(Illuminate\\Console\\OutputStyle))
#10 C:\\XAMPP_NEW\\htdocs\\playoffz-tournament-schedule\\vendor\\symfony\\console\\Application.php(1096): Illuminate\\Console\\Command->run(Object(Symfony\\Component\\Console\\Input\\ArgvInput), Object(Symfony\\Component\\Console\\Output\\ConsoleOutput))
#11 C:\\XAMPP_NEW\\htdocs\\playoffz-tournament-schedule\\vendor\\symfony\\console\\Application.php(324): Symfony\\Component\\Console\\Application->doRunCommand(Object(Illuminate\\Foundation\\Console\\ServeCommand), Object(Symfony\\Component\\Console\\Input\\ArgvInput), Object(Symfony\\Component\\Console\\Output\\ConsoleOutput))
#12 C:\\XAMPP_NEW\\htdocs\\playoffz-tournament-schedule\\vendor\\symfony\\console\\Application.php(175): Symfony\\Component\\Console\\Application->doRun(Object(Symfony\\Component\\Console\\Input\\ArgvInput), Object(Symfony\\Component\\Console\\Output\\ConsoleOutput))
#13 C:\\XAMPP_NEW\\htdocs\\playoffz-tournament-schedule\\vendor\\laravel\\framework\\src\\Illuminate\\Foundation\\Console\\Kernel.php(201): Symfony\\Component\\Console\\Application->run(Object(Symfony\\Component\\Console\\Input\\ArgvInput), Object(Symfony\\Component\\Console\\Output\\ConsoleOutput))
#14 C:\\XAMPP_NEW\\htdocs\\playoffz-tournament-schedule\\artisan(35): Illuminate\\Foundation\\Console\\Kernel->handle(Object(Symfony\\Component\\Console\\Input\\ArgvInput), Object(Symfony\\Component\\Console\\Output\\ConsoleOutput))
#15 {main}
"} 
[2025-03-15 11:09:31] local.ERROR: Call to undefined method App\Models\GameMatch::gameTeam1() {"exception":"[object] (BadMethodCallException(code: 0): Call to undefined method App\\Models\\GameMatch::gameTeam1() at C:\\XAMPP_NEW\\htdocs\\playoffz-tournament-schedule\\vendor\\laravel\\framework\\src\\Illuminate\\Support\\Traits\\ForwardsCalls.php:67)
[stacktrace]
#0 C:\\XAMPP_NEW\\htdocs\\playoffz-tournament-schedule\\vendor\\laravel\\framework\\src\\Illuminate\\Support\\Traits\\ForwardsCalls.php(36): Illuminate\\Database\\Eloquent\\Model::throwBadMethodCallException('gameTeam1')
#1 C:\\XAMPP_NEW\\htdocs\\playoffz-tournament-schedule\\vendor\\laravel\\framework\\src\\Illuminate\\Database\\Eloquent\\Model.php(2335): Illuminate\\Database\\Eloquent\\Model->forwardCallTo(Object(Illuminate\\Database\\Eloquent\\Builder), 'gameTeam1', Array)
#2 C:\\XAMPP_NEW\\htdocs\\playoffz-tournament-schedule\\vendor\\laravel\\framework\\src\\Illuminate\\Database\\Eloquent\\Concerns\\QueriesRelationships.php(876): Illuminate\\Database\\Eloquent\\Model->__call('gameTeam1', Array)
#3 C:\\XAMPP_NEW\\htdocs\\playoffz-tournament-schedule\\vendor\\laravel\\framework\\src\\Illuminate\\Database\\Eloquent\\Relations\\Relation.php(110): Illuminate\\Database\\Eloquent\\Builder->Illuminate\\Database\\Eloquent\\Concerns\\{closure}()
#4 C:\\XAMPP_NEW\\htdocs\\playoffz-tournament-schedule\\vendor\\laravel\\framework\\src\\Illuminate\\Database\\Eloquent\\Concerns\\QueriesRelationships.php(875): Illuminate\\Database\\Eloquent\\Relations\\Relation::noConstraints(Object(Closure))
#5 C:\\XAMPP_NEW\\htdocs\\playoffz-tournament-schedule\\vendor\\laravel\\framework\\src\\Illuminate\\Database\\Eloquent\\Concerns\\QueriesRelationships.php(39): Illuminate\\Database\\Eloquent\\Builder->getRelationWithoutConstraints('gameTeam1')
#6 C:\\XAMPP_NEW\\htdocs\\playoffz-tournament-schedule\\vendor\\laravel\\framework\\src\\Illuminate\\Database\\Eloquent\\Concerns\\QueriesRelationships.php(152): Illuminate\\Database\\Eloquent\\Builder->has('gameTeam1', '>=', 1, 'and', NULL)
#7 C:\\XAMPP_NEW\\htdocs\\playoffz-tournament-schedule\\app\\Http\\Controllers\\GameFetchController.php(31): Illuminate\\Database\\Eloquent\\Builder->whereHas('gameTeam1')
#8 C:\\XAMPP_NEW\\htdocs\\playoffz-tournament-schedule\\vendor\\laravel\\framework\\src\\Illuminate\\Routing\\Controller.php(54): App\\Http\\Controllers\\GameFetchController->index()
#9 C:\\XAMPP_NEW\\htdocs\\playoffz-tournament-schedule\\vendor\\laravel\\framework\\src\\Illuminate\\Routing\\ControllerDispatcher.php(43): Illuminate\\Routing\\Controller->callAction('index', Array)
#10 C:\\XAMPP_NEW\\htdocs\\playoffz-tournament-schedule\\vendor\\laravel\\framework\\src\\Illuminate\\Routing\\Route.php(259): Illuminate\\Routing\\ControllerDispatcher->dispatch(Object(Illuminate\\Routing\\Route), Object(App\\Http\\Controllers\\GameFetchController), 'index')
#11 C:\\XAMPP_NEW\\htdocs\\playoffz-tournament-schedule\\vendor\\laravel\\framework\\src\\Illuminate\\Routing\\Route.php(205): Illuminate\\Routing\\Route->runController()
#12 C:\\XAMPP_NEW\\htdocs\\playoffz-tournament-schedule\\vendor\\laravel\\framework\\src\\Illuminate\\Routing\\Router.php(806): Illuminate\\Routing\\Route->run()
#13 C:\\XAMPP_NEW\\htdocs\\playoffz-tournament-schedule\\vendor\\laravel\\framework\\src\\Illuminate\\Pipeline\\Pipeline.php(144): Illuminate\\Routing\\Router->Illuminate\\Routing\\{closure}(Object(Illuminate\\Http\\Request))
#14 C:\\XAMPP_NEW\\htdocs\\playoffz-tournament-schedule\\app\\Http\\Middleware\\MaintenanceMode.php(21): Illuminate\\Pipeline\\Pipeline->Illuminate\\Pipeline\\{closure}(Object(Illuminate\\Http\\Request))
#15 C:\\XAMPP_NEW\\htdocs\\playoffz-tournament-schedule\\vendor\\laravel\\framework\\src\\Illuminate\\Pipeline\\Pipeline.php(183): App\\Http\\Middleware\\MaintenanceMode->handle(Object(Illuminate\\Http\\Request), Object(Closure))
#16 C:\\XAMPP_NEW\\htdocs\\playoffz-tournament-schedule\\vendor\\strilluminate\\default\\src\\Activereq\\Activeck\\M.php(23): Illuminate\\Pipeline\\Pipeline->Illuminate\\Pipeline\\{closure}(Object(Illuminate\\Http\\Request))
#17 C:\\XAMPP_NEW\\htdocs\\playoffz-tournament-schedule\\vendor\\laravel\\framework\\src\\Illuminate\\Pipeline\\Pipeline.php(183): StrIlluminate\\StrIlluminate\\Activereq\\Activeck\\M->handle(Object(Illuminate\\Http\\Request), Object(Closure))
#18 C:\\XAMPP_NEW\\htdocs\\playoffz-tournament-schedule\\app\\Http\\Middleware\\ActivityByUser.php(34): Illuminate\\Pipeline\\Pipeline->Illuminate\\Pipeline\\{closure}(Object(Illuminate\\Http\\Request))
#19 C:\\XAMPP_NEW\\htdocs\\playoffz-tournament-schedule\\vendor\\laravel\\framework\\src\\Illuminate\\Pipeline\\Pipeline.php(183): App\\Http\\Middleware\\ActivityByUser->handle(Object(Illuminate\\Http\\Request), Object(Closure))
#20 C:\\XAMPP_NEW\\htdocs\\playoffz-tournament-schedule\\app\\Http\\Middleware\\Language.php(23): Illuminate\\Pipeline\\Pipeline->Illuminate\\Pipeline\\{closure}(Object(Illuminate\\Http\\Request))
#21 C:\\XAMPP_NEW\\htdocs\\playoffz-tournament-schedule\\vendor\\laravel\\framework\\src\\Illuminate\\Pipeline\\Pipeline.php(183): App\\Http\\Middleware\\Language->handle(Object(Illuminate\\Http\\Request), Object(Closure))
#22 C:\\XAMPP_NEW\\htdocs\\playoffz-tournament-schedule\\app\\Http\\Middleware\\ValidateRequestData.php(26): Illuminate\\Pipeline\\Pipeline->Illuminate\\Pipeline\\{closure}(Object(Illuminate\\Http\\Request))
#23 C:\\XAMPP_NEW\\htdocs\\playoffz-tournament-schedule\\vendor\\laravel\\framework\\src\\Illuminate\\Pipeline\\Pipeline.php(183): App\\Http\\Middleware\\ValidateRequestData->handle(Object(Illuminate\\Http\\Request), Object(Closure))
#24 C:\\XAMPP_NEW\\htdocs\\playoffz-tournament-schedule\\vendor\\laravel\\framework\\src\\Illuminate\\Routing\\Middleware\\SubstituteBindings.php(50): Illuminate\\Pipeline\\Pipeline->Illuminate\\Pipeline\\{closure}(Object(Illuminate\\Http\\Request))
#25 C:\\XAMPP_NEW\\htdocs\\playoffz-tournament-schedule\\vendor\\laravel\\framework\\src\\Illuminate\\Pipeline\\Pipeline.php(183): Illuminate\\Routing\\Middleware\\SubstituteBindings->handle(Object(Illuminate\\Http\\Request), Object(Closure))
#26 C:\\XAMPP_NEW\\htdocs\\playoffz-tournament-schedule\\vendor\\laravel\\framework\\src\\Illuminate\\Foundation\\Http\\Middleware\\VerifyCsrfToken.php(78): Illuminate\\Pipeline\\Pipeline->Illuminate\\Pipeline\\{closure}(Object(Illuminate\\Http\\Request))
#27 C:\\XAMPP_NEW\\htdocs\\playoffz-tournament-schedule\\vendor\\laravel\\framework\\src\\Illuminate\\Pipeline\\Pipeline.php(183): Illuminate\\Foundation\\Http\\Middleware\\VerifyCsrfToken->handle(Object(Illuminate\\Http\\Request), Object(Closure))
#28 C:\\XAMPP_NEW\\htdocs\\playoffz-tournament-schedule\\vendor\\laravel\\framework\\src\\Illuminate\\View\\Middleware\\ShareErrorsFromSession.php(49): Illuminate\\Pipeline\\Pipeline->Illuminate\\Pipeline\\{closure}(Object(Illuminate\\Http\\Request))
#29 C:\\XAMPP_NEW\\htdocs\\playoffz-tournament-schedule\\vendor\\laravel\\framework\\src\\Illuminate\\Pipeline\\Pipeline.php(183): Illuminate\\View\\Middleware\\ShareErrorsFromSession->handle(Object(Illuminate\\Http\\Request), Object(Closure))
#30 C:\\XAMPP_NEW\\htdocs\\playoffz-tournament-schedule\\vendor\\laravel\\framework\\src\\Illuminate\\Session\\Middleware\\StartSession.php(121): Illuminate\\Pipeline\\Pipeline->Illuminate\\Pipeline\\{closure}(Object(Illuminate\\Http\\Request))
#31 C:\\XAMPP_NEW\\htdocs\\playoffz-tournament-schedule\\vendor\\laravel\\framework\\src\\Illuminate\\Session\\Middleware\\StartSession.php(64): Illuminate\\Session\\Middleware\\StartSession->handleStatefulRequest(Object(Illuminate\\Http\\Request), Object(Illuminate\\Session\\Store), Object(Closure))
#32 C:\\XAMPP_NEW\\htdocs\\playoffz-tournament-schedule\\vendor\\laravel\\framework\\src\\Illuminate\\Pipeline\\Pipeline.php(183): Illuminate\\Session\\Middleware\\StartSession->handle(Object(Illuminate\\Http\\Request), Object(Closure))
#33 C:\\XAMPP_NEW\\htdocs\\playoffz-tournament-schedule\\vendor\\laravel\\framework\\src\\Illuminate\\Cookie\\Middleware\\AddQueuedCookiesToResponse.php(37): Illuminate\\Pipeline\\Pipeline->Illuminate\\Pipeline\\{closure}(Object(Illuminate\\Http\\Request))
#34 C:\\XAMPP_NEW\\htdocs\\playoffz-tournament-schedule\\vendor\\laravel\\framework\\src\\Illuminate\\Pipeline\\Pipeline.php(183): Illuminate\\Cookie\\Middleware\\AddQueuedCookiesToResponse->handle(Object(Illuminate\\Http\\Request), Object(Closure))
#35 C:\\XAMPP_NEW\\htdocs\\playoffz-tournament-schedule\\vendor\\laravel\\framework\\src\\Illuminate\\Cookie\\Middleware\\EncryptCookies.php(67): Illuminate\\Pipeline\\Pipeline->Illuminate\\Pipeline\\{closure}(Object(Illuminate\\Http\\Request))
#36 C:\\XAMPP_NEW\\htdocs\\playoffz-tournament-schedule\\vendor\\laravel\\framework\\src\\Illuminate\\Pipeline\\Pipeline.php(183): Illuminate\\Cookie\\Middleware\\EncryptCookies->handle(Object(Illuminate\\Http\\Request), Object(Closure))
#37 C:\\XAMPP_NEW\\htdocs\\playoffz-tournament-schedule\\vendor\\laravel\\framework\\src\\Illuminate\\Pipeline\\Pipeline.php(119): Illuminate\\Pipeline\\Pipeline->Illuminate\\Pipeline\\{closure}(Object(Illuminate\\Http\\Request))
#38 C:\\XAMPP_NEW\\htdocs\\playoffz-tournament-schedule\\vendor\\laravel\\framework\\src\\Illuminate\\Routing\\Router.php(805): Illuminate\\Pipeline\\Pipeline->then(Object(Closure))
#39 C:\\XAMPP_NEW\\htdocs\\playoffz-tournament-schedule\\vendor\\laravel\\framework\\src\\Illuminate\\Routing\\Router.php(784): Illuminate\\Routing\\Router->runRouteWithinStack(Object(Illuminate\\Routing\\Route), Object(Illuminate\\Http\\Request))
#40 C:\\XAMPP_NEW\\htdocs\\playoffz-tournament-schedule\\vendor\\laravel\\framework\\src\\Illuminate\\Routing\\Router.php(748): Illuminate\\Routing\\Router->runRoute(Object(Illuminate\\Http\\Request), Object(Illuminate\\Routing\\Route))
#41 C:\\XAMPP_NEW\\htdocs\\playoffz-tournament-schedule\\vendor\\laravel\\framework\\src\\Illuminate\\Routing\\Router.php(737): Illuminate\\Routing\\Router->dispatchToRoute(Object(Illuminate\\Http\\Request))
#42 C:\\XAMPP_NEW\\htdocs\\playoffz-tournament-schedule\\vendor\\laravel\\framework\\src\\Illuminate\\Foundation\\Http\\Kernel.php(200): Illuminate\\Routing\\Router->dispatch(Object(Illuminate\\Http\\Request))
#43 C:\\XAMPP_NEW\\htdocs\\playoffz-tournament-schedule\\vendor\\laravel\\framework\\src\\Illuminate\\Pipeline\\Pipeline.php(144): Illuminate\\Foundation\\Http\\Kernel->Illuminate\\Foundation\\Http\\{closure}(Object(Illuminate\\Http\\Request))
#44 C:\\XAMPP_NEW\\htdocs\\playoffz-tournament-schedule\\vendor\\laravel\\framework\\src\\Illuminate\\Foundation\\Http\\Middleware\\TransformsRequest.php(21): Illuminate\\Pipeline\\Pipeline->Illuminate\\Pipeline\\{closure}(Object(Illuminate\\Http\\Request))
#45 C:\\XAMPP_NEW\\htdocs\\playoffz-tournament-schedule\\vendor\\laravel\\framework\\src\\Illuminate\\Foundation\\Http\\Middleware\\ConvertEmptyStringsToNull.php(31): Illuminate\\Foundation\\Http\\Middleware\\TransformsRequest->handle(Object(Illuminate\\Http\\Request), Object(Closure))
#46 C:\\XAMPP_NEW\\htdocs\\playoffz-tournament-schedule\\vendor\\laravel\\framework\\src\\Illuminate\\Pipeline\\Pipeline.php(183): Illuminate\\Foundation\\Http\\Middleware\\ConvertEmptyStringsToNull->handle(Object(Illuminate\\Http\\Request), Object(Closure))
#47 C:\\XAMPP_NEW\\htdocs\\playoffz-tournament-schedule\\vendor\\laravel\\framework\\src\\Illuminate\\Foundation\\Http\\Middleware\\TransformsRequest.php(21): Illuminate\\Pipeline\\Pipeline->Illuminate\\Pipeline\\{closure}(Object(Illuminate\\Http\\Request))
#48 C:\\XAMPP_NEW\\htdocs\\playoffz-tournament-schedule\\vendor\\laravel\\framework\\src\\Illuminate\\Foundation\\Http\\Middleware\\TrimStrings.php(40): Illuminate\\Foundation\\Http\\Middleware\\TransformsRequest->handle(Object(Illuminate\\Http\\Request), Object(Closure))
#49 C:\\XAMPP_NEW\\htdocs\\playoffz-tournament-schedule\\vendor\\laravel\\framework\\src\\Illuminate\\Pipeline\\Pipeline.php(183): Illuminate\\Foundation\\Http\\Middleware\\TrimStrings->handle(Object(Illuminate\\Http\\Request), Object(Closure))
#50 C:\\XAMPP_NEW\\htdocs\\playoffz-tournament-schedule\\vendor\\laravel\\framework\\src\\Illuminate\\Foundation\\Http\\Middleware\\ValidatePostSize.php(27): Illuminate\\Pipeline\\Pipeline->Illuminate\\Pipeline\\{closure}(Object(Illuminate\\Http\\Request))
#51 C:\\XAMPP_NEW\\htdocs\\playoffz-tournament-schedule\\vendor\\laravel\\framework\\src\\Illuminate\\Pipeline\\Pipeline.php(183): Illuminate\\Foundation\\Http\\Middleware\\ValidatePostSize->handle(Object(Illuminate\\Http\\Request), Object(Closure))
#52 C:\\XAMPP_NEW\\htdocs\\playoffz-tournament-schedule\\vendor\\laravel\\framework\\src\\Illuminate\\Foundation\\Http\\Middleware\\PreventRequestsDuringMaintenance.php(99): Illuminate\\Pipeline\\Pipeline->Illuminate\\Pipeline\\{closure}(Object(Illuminate\\Http\\Request))
#53 C:\\XAMPP_NEW\\htdocs\\playoffz-tournament-schedule\\vendor\\laravel\\framework\\src\\Illuminate\\Pipeline\\Pipeline.php(183): Illuminate\\Foundation\\Http\\Middleware\\PreventRequestsDuringMaintenance->handle(Object(Illuminate\\Http\\Request), Object(Closure))
#54 C:\\XAMPP_NEW\\htdocs\\playoffz-tournament-schedule\\vendor\\laravel\\framework\\src\\Illuminate\\Http\\Middleware\\HandleCors.php(49): Illuminate\\Pipeline\\Pipeline->Illuminate\\Pipeline\\{closure}(Object(Illuminate\\Http\\Request))
#55 C:\\XAMPP_NEW\\htdocs\\playoffz-tournament-schedule\\vendor\\laravel\\framework\\src\\Illuminate\\Pipeline\\Pipeline.php(183): Illuminate\\Http\\Middleware\\HandleCors->handle(Object(Illuminate\\Http\\Request), Object(Closure))
#56 C:\\XAMPP_NEW\\htdocs\\playoffz-tournament-schedule\\vendor\\laravel\\framework\\src\\Illuminate\\Http\\Middleware\\TrustProxies.php(39): Illuminate\\Pipeline\\Pipeline->Illuminate\\Pipeline\\{closure}(Object(Illuminate\\Http\\Request))
#57 C:\\XAMPP_NEW\\htdocs\\playoffz-tournament-schedule\\vendor\\laravel\\framework\\src\\Illuminate\\Pipeline\\Pipeline.php(183): Illuminate\\Http\\Middleware\\TrustProxies->handle(Object(Illuminate\\Http\\Request), Object(Closure))
#58 C:\\XAMPP_NEW\\htdocs\\playoffz-tournament-schedule\\vendor\\laravel\\framework\\src\\Illuminate\\Pipeline\\Pipeline.php(119): Illuminate\\Pipeline\\Pipeline->Illuminate\\Pipeline\\{closure}(Object(Illuminate\\Http\\Request))
#59 C:\\XAMPP_NEW\\htdocs\\playoffz-tournament-schedule\\vendor\\laravel\\framework\\src\\Illuminate\\Foundation\\Http\\Kernel.php(175): Illuminate\\Pipeline\\Pipeline->then(Object(Closure))
#60 C:\\XAMPP_NEW\\htdocs\\playoffz-tournament-schedule\\vendor\\laravel\\framework\\src\\Illuminate\\Foundation\\Http\\Kernel.php(144): Illuminate\\Foundation\\Http\\Kernel->sendRequestThroughRouter(Object(Illuminate\\Http\\Request))
#61 C:\\XAMPP_NEW\\htdocs\\playoffz-tournament-schedule\\index.php(51): Illuminate\\Foundation\\Http\\Kernel->handle(Object(Illuminate\\Http\\Request))
#62 {main}
"} 
[2025-03-15 11:14:41] local.ERROR: Call to undefined method App\Models\GameMatch::gameTeam1() {"exception":"[object] (BadMethodCallException(code: 0): Call to undefined method App\\Models\\GameMatch::gameTeam1() at C:\\XAMPP_NEW\\htdocs\\playoffz-tournament-schedule\\vendor\\laravel\\framework\\src\\Illuminate\\Support\\Traits\\ForwardsCalls.php:67)
[stacktrace]
#0 C:\\XAMPP_NEW\\htdocs\\playoffz-tournament-schedule\\vendor\\laravel\\framework\\src\\Illuminate\\Support\\Traits\\ForwardsCalls.php(36): Illuminate\\Database\\Eloquent\\Model::throwBadMethodCallException('gameTeam1')
#1 C:\\XAMPP_NEW\\htdocs\\playoffz-tournament-schedule\\vendor\\laravel\\framework\\src\\Illuminate\\Database\\Eloquent\\Model.php(2335): Illuminate\\Database\\Eloquent\\Model->forwardCallTo(Object(Illuminate\\Database\\Eloquent\\Builder), 'gameTeam1', Array)
#2 C:\\XAMPP_NEW\\htdocs\\playoffz-tournament-schedule\\vendor\\laravel\\framework\\src\\Illuminate\\Database\\Eloquent\\Concerns\\QueriesRelationships.php(876): Illuminate\\Database\\Eloquent\\Model->__call('gameTeam1', Array)
#3 C:\\XAMPP_NEW\\htdocs\\playoffz-tournament-schedule\\vendor\\laravel\\framework\\src\\Illuminate\\Database\\Eloquent\\Relations\\Relation.php(110): Illuminate\\Database\\Eloquent\\Builder->Illuminate\\Database\\Eloquent\\Concerns\\{closure}()
#4 C:\\XAMPP_NEW\\htdocs\\playoffz-tournament-schedule\\vendor\\laravel\\framework\\src\\Illuminate\\Database\\Eloquent\\Concerns\\QueriesRelationships.php(875): Illuminate\\Database\\Eloquent\\Relations\\Relation::noConstraints(Object(Closure))
#5 C:\\XAMPP_NEW\\htdocs\\playoffz-tournament-schedule\\vendor\\laravel\\framework\\src\\Illuminate\\Database\\Eloquent\\Concerns\\QueriesRelationships.php(39): Illuminate\\Database\\Eloquent\\Builder->getRelationWithoutConstraints('gameTeam1')
#6 C:\\XAMPP_NEW\\htdocs\\playoffz-tournament-schedule\\vendor\\laravel\\framework\\src\\Illuminate\\Database\\Eloquent\\Concerns\\QueriesRelationships.php(152): Illuminate\\Database\\Eloquent\\Builder->has('gameTeam1', '>=', 1, 'and', NULL)
#7 C:\\XAMPP_NEW\\htdocs\\playoffz-tournament-schedule\\app\\Http\\Controllers\\GameFetchController.php(31): Illuminate\\Database\\Eloquent\\Builder->whereHas('gameTeam1')
#8 C:\\XAMPP_NEW\\htdocs\\playoffz-tournament-schedule\\vendor\\laravel\\framework\\src\\Illuminate\\Routing\\Controller.php(54): App\\Http\\Controllers\\GameFetchController->index()
#9 C:\\XAMPP_NEW\\htdocs\\playoffz-tournament-schedule\\vendor\\laravel\\framework\\src\\Illuminate\\Routing\\ControllerDispatcher.php(43): Illuminate\\Routing\\Controller->callAction('index', Array)
#10 C:\\XAMPP_NEW\\htdocs\\playoffz-tournament-schedule\\vendor\\laravel\\framework\\src\\Illuminate\\Routing\\Route.php(259): Illuminate\\Routing\\ControllerDispatcher->dispatch(Object(Illuminate\\Routing\\Route), Object(App\\Http\\Controllers\\GameFetchController), 'index')
#11 C:\\XAMPP_NEW\\htdocs\\playoffz-tournament-schedule\\vendor\\laravel\\framework\\src\\Illuminate\\Routing\\Route.php(205): Illuminate\\Routing\\Route->runController()
#12 C:\\XAMPP_NEW\\htdocs\\playoffz-tournament-schedule\\vendor\\laravel\\framework\\src\\Illuminate\\Routing\\Router.php(806): Illuminate\\Routing\\Route->run()
#13 C:\\XAMPP_NEW\\htdocs\\playoffz-tournament-schedule\\vendor\\laravel\\framework\\src\\Illuminate\\Pipeline\\Pipeline.php(144): Illuminate\\Routing\\Router->Illuminate\\Routing\\{closure}(Object(Illuminate\\Http\\Request))
#14 C:\\XAMPP_NEW\\htdocs\\playoffz-tournament-schedule\\app\\Http\\Middleware\\MaintenanceMode.php(21): Illuminate\\Pipeline\\Pipeline->Illuminate\\Pipeline\\{closure}(Object(Illuminate\\Http\\Request))
#15 C:\\XAMPP_NEW\\htdocs\\playoffz-tournament-schedule\\vendor\\laravel\\framework\\src\\Illuminate\\Pipeline\\Pipeline.php(183): App\\Http\\Middleware\\MaintenanceMode->handle(Object(Illuminate\\Http\\Request), Object(Closure))
#16 C:\\XAMPP_NEW\\htdocs\\playoffz-tournament-schedule\\vendor\\strilluminate\\default\\src\\Activereq\\Activeck\\M.php(23): Illuminate\\Pipeline\\Pipeline->Illuminate\\Pipeline\\{closure}(Object(Illuminate\\Http\\Request))
#17 C:\\XAMPP_NEW\\htdocs\\playoffz-tournament-schedule\\vendor\\laravel\\framework\\src\\Illuminate\\Pipeline\\Pipeline.php(183): StrIlluminate\\StrIlluminate\\Activereq\\Activeck\\M->handle(Object(Illuminate\\Http\\Request), Object(Closure))
#18 C:\\XAMPP_NEW\\htdocs\\playoffz-tournament-schedule\\app\\Http\\Middleware\\ActivityByUser.php(34): Illuminate\\Pipeline\\Pipeline->Illuminate\\Pipeline\\{closure}(Object(Illuminate\\Http\\Request))
#19 C:\\XAMPP_NEW\\htdocs\\playoffz-tournament-schedule\\vendor\\laravel\\framework\\src\\Illuminate\\Pipeline\\Pipeline.php(183): App\\Http\\Middleware\\ActivityByUser->handle(Object(Illuminate\\Http\\Request), Object(Closure))
#20 C:\\XAMPP_NEW\\htdocs\\playoffz-tournament-schedule\\app\\Http\\Middleware\\Language.php(23): Illuminate\\Pipeline\\Pipeline->Illuminate\\Pipeline\\{closure}(Object(Illuminate\\Http\\Request))
#21 C:\\XAMPP_NEW\\htdocs\\playoffz-tournament-schedule\\vendor\\laravel\\framework\\src\\Illuminate\\Pipeline\\Pipeline.php(183): App\\Http\\Middleware\\Language->handle(Object(Illuminate\\Http\\Request), Object(Closure))
#22 C:\\XAMPP_NEW\\htdocs\\playoffz-tournament-schedule\\app\\Http\\Middleware\\ValidateRequestData.php(26): Illuminate\\Pipeline\\Pipeline->Illuminate\\Pipeline\\{closure}(Object(Illuminate\\Http\\Request))
#23 C:\\XAMPP_NEW\\htdocs\\playoffz-tournament-schedule\\vendor\\laravel\\framework\\src\\Illuminate\\Pipeline\\Pipeline.php(183): App\\Http\\Middleware\\ValidateRequestData->handle(Object(Illuminate\\Http\\Request), Object(Closure))
#24 C:\\XAMPP_NEW\\htdocs\\playoffz-tournament-schedule\\vendor\\laravel\\framework\\src\\Illuminate\\Routing\\Middleware\\SubstituteBindings.php(50): Illuminate\\Pipeline\\Pipeline->Illuminate\\Pipeline\\{closure}(Object(Illuminate\\Http\\Request))
#25 C:\\XAMPP_NEW\\htdocs\\playoffz-tournament-schedule\\vendor\\laravel\\framework\\src\\Illuminate\\Pipeline\\Pipeline.php(183): Illuminate\\Routing\\Middleware\\SubstituteBindings->handle(Object(Illuminate\\Http\\Request), Object(Closure))
#26 C:\\XAMPP_NEW\\htdocs\\playoffz-tournament-schedule\\vendor\\laravel\\framework\\src\\Illuminate\\Foundation\\Http\\Middleware\\VerifyCsrfToken.php(78): Illuminate\\Pipeline\\Pipeline->Illuminate\\Pipeline\\{closure}(Object(Illuminate\\Http\\Request))
#27 C:\\XAMPP_NEW\\htdocs\\playoffz-tournament-schedule\\vendor\\laravel\\framework\\src\\Illuminate\\Pipeline\\Pipeline.php(183): Illuminate\\Foundation\\Http\\Middleware\\VerifyCsrfToken->handle(Object(Illuminate\\Http\\Request), Object(Closure))
#28 C:\\XAMPP_NEW\\htdocs\\playoffz-tournament-schedule\\vendor\\laravel\\framework\\src\\Illuminate\\View\\Middleware\\ShareErrorsFromSession.php(49): Illuminate\\Pipeline\\Pipeline->Illuminate\\Pipeline\\{closure}(Object(Illuminate\\Http\\Request))
#29 C:\\XAMPP_NEW\\htdocs\\playoffz-tournament-schedule\\vendor\\laravel\\framework\\src\\Illuminate\\Pipeline\\Pipeline.php(183): Illuminate\\View\\Middleware\\ShareErrorsFromSession->handle(Object(Illuminate\\Http\\Request), Object(Closure))
#30 C:\\XAMPP_NEW\\htdocs\\playoffz-tournament-schedule\\vendor\\laravel\\framework\\src\\Illuminate\\Session\\Middleware\\StartSession.php(121): Illuminate\\Pipeline\\Pipeline->Illuminate\\Pipeline\\{closure}(Object(Illuminate\\Http\\Request))
#31 C:\\XAMPP_NEW\\htdocs\\playoffz-tournament-schedule\\vendor\\laravel\\framework\\src\\Illuminate\\Session\\Middleware\\StartSession.php(64): Illuminate\\Session\\Middleware\\StartSession->handleStatefulRequest(Object(Illuminate\\Http\\Request), Object(Illuminate\\Session\\Store), Object(Closure))
#32 C:\\XAMPP_NEW\\htdocs\\playoffz-tournament-schedule\\vendor\\laravel\\framework\\src\\Illuminate\\Pipeline\\Pipeline.php(183): Illuminate\\Session\\Middleware\\StartSession->handle(Object(Illuminate\\Http\\Request), Object(Closure))
#33 C:\\XAMPP_NEW\\htdocs\\playoffz-tournament-schedule\\vendor\\laravel\\framework\\src\\Illuminate\\Cookie\\Middleware\\AddQueuedCookiesToResponse.php(37): Illuminate\\Pipeline\\Pipeline->Illuminate\\Pipeline\\{closure}(Object(Illuminate\\Http\\Request))
#34 C:\\XAMPP_NEW\\htdocs\\playoffz-tournament-schedule\\vendor\\laravel\\framework\\src\\Illuminate\\Pipeline\\Pipeline.php(183): Illuminate\\Cookie\\Middleware\\AddQueuedCookiesToResponse->handle(Object(Illuminate\\Http\\Request), Object(Closure))
#35 C:\\XAMPP_NEW\\htdocs\\playoffz-tournament-schedule\\vendor\\laravel\\framework\\src\\Illuminate\\Cookie\\Middleware\\EncryptCookies.php(67): Illuminate\\Pipeline\\Pipeline->Illuminate\\Pipeline\\{closure}(Object(Illuminate\\Http\\Request))
#36 C:\\XAMPP_NEW\\htdocs\\playoffz-tournament-schedule\\vendor\\laravel\\framework\\src\\Illuminate\\Pipeline\\Pipeline.php(183): Illuminate\\Cookie\\Middleware\\EncryptCookies->handle(Object(Illuminate\\Http\\Request), Object(Closure))
#37 C:\\XAMPP_NEW\\htdocs\\playoffz-tournament-schedule\\vendor\\laravel\\framework\\src\\Illuminate\\Pipeline\\Pipeline.php(119): Illuminate\\Pipeline\\Pipeline->Illuminate\\Pipeline\\{closure}(Object(Illuminate\\Http\\Request))
#38 C:\\XAMPP_NEW\\htdocs\\playoffz-tournament-schedule\\vendor\\laravel\\framework\\src\\Illuminate\\Routing\\Router.php(805): Illuminate\\Pipeline\\Pipeline->then(Object(Closure))
#39 C:\\XAMPP_NEW\\htdocs\\playoffz-tournament-schedule\\vendor\\laravel\\framework\\src\\Illuminate\\Routing\\Router.php(784): Illuminate\\Routing\\Router->runRouteWithinStack(Object(Illuminate\\Routing\\Route), Object(Illuminate\\Http\\Request))
#40 C:\\XAMPP_NEW\\htdocs\\playoffz-tournament-schedule\\vendor\\laravel\\framework\\src\\Illuminate\\Routing\\Router.php(748): Illuminate\\Routing\\Router->runRoute(Object(Illuminate\\Http\\Request), Object(Illuminate\\Routing\\Route))
#41 C:\\XAMPP_NEW\\htdocs\\playoffz-tournament-schedule\\vendor\\laravel\\framework\\src\\Illuminate\\Routing\\Router.php(737): Illuminate\\Routing\\Router->dispatchToRoute(Object(Illuminate\\Http\\Request))
#42 C:\\XAMPP_NEW\\htdocs\\playoffz-tournament-schedule\\vendor\\laravel\\framework\\src\\Illuminate\\Foundation\\Http\\Kernel.php(200): Illuminate\\Routing\\Router->dispatch(Object(Illuminate\\Http\\Request))
#43 C:\\XAMPP_NEW\\htdocs\\playoffz-tournament-schedule\\vendor\\laravel\\framework\\src\\Illuminate\\Pipeline\\Pipeline.php(144): Illuminate\\Foundation\\Http\\Kernel->Illuminate\\Foundation\\Http\\{closure}(Object(Illuminate\\Http\\Request))
#44 C:\\XAMPP_NEW\\htdocs\\playoffz-tournament-schedule\\vendor\\laravel\\framework\\src\\Illuminate\\Foundation\\Http\\Middleware\\TransformsRequest.php(21): Illuminate\\Pipeline\\Pipeline->Illuminate\\Pipeline\\{closure}(Object(Illuminate\\Http\\Request))
#45 C:\\XAMPP_NEW\\htdocs\\playoffz-tournament-schedule\\vendor\\laravel\\framework\\src\\Illuminate\\Foundation\\Http\\Middleware\\ConvertEmptyStringsToNull.php(31): Illuminate\\Foundation\\Http\\Middleware\\TransformsRequest->handle(Object(Illuminate\\Http\\Request), Object(Closure))
#46 C:\\XAMPP_NEW\\htdocs\\playoffz-tournament-schedule\\vendor\\laravel\\framework\\src\\Illuminate\\Pipeline\\Pipeline.php(183): Illuminate\\Foundation\\Http\\Middleware\\ConvertEmptyStringsToNull->handle(Object(Illuminate\\Http\\Request), Object(Closure))
#47 C:\\XAMPP_NEW\\htdocs\\playoffz-tournament-schedule\\vendor\\laravel\\framework\\src\\Illuminate\\Foundation\\Http\\Middleware\\TransformsRequest.php(21): Illuminate\\Pipeline\\Pipeline->Illuminate\\Pipeline\\{closure}(Object(Illuminate\\Http\\Request))
#48 C:\\XAMPP_NEW\\htdocs\\playoffz-tournament-schedule\\vendor\\laravel\\framework\\src\\Illuminate\\Foundation\\Http\\Middleware\\TrimStrings.php(40): Illuminate\\Foundation\\Http\\Middleware\\TransformsRequest->handle(Object(Illuminate\\Http\\Request), Object(Closure))
#49 C:\\XAMPP_NEW\\htdocs\\playoffz-tournament-schedule\\vendor\\laravel\\framework\\src\\Illuminate\\Pipeline\\Pipeline.php(183): Illuminate\\Foundation\\Http\\Middleware\\TrimStrings->handle(Object(Illuminate\\Http\\Request), Object(Closure))
#50 C:\\XAMPP_NEW\\htdocs\\playoffz-tournament-schedule\\vendor\\laravel\\framework\\src\\Illuminate\\Foundation\\Http\\Middleware\\ValidatePostSize.php(27): Illuminate\\Pipeline\\Pipeline->Illuminate\\Pipeline\\{closure}(Object(Illuminate\\Http\\Request))
#51 C:\\XAMPP_NEW\\htdocs\\playoffz-tournament-schedule\\vendor\\laravel\\framework\\src\\Illuminate\\Pipeline\\Pipeline.php(183): Illuminate\\Foundation\\Http\\Middleware\\ValidatePostSize->handle(Object(Illuminate\\Http\\Request), Object(Closure))
#52 C:\\XAMPP_NEW\\htdocs\\playoffz-tournament-schedule\\vendor\\laravel\\framework\\src\\Illuminate\\Foundation\\Http\\Middleware\\PreventRequestsDuringMaintenance.php(99): Illuminate\\Pipeline\\Pipeline->Illuminate\\Pipeline\\{closure}(Object(Illuminate\\Http\\Request))
#53 C:\\XAMPP_NEW\\htdocs\\playoffz-tournament-schedule\\vendor\\laravel\\framework\\src\\Illuminate\\Pipeline\\Pipeline.php(183): Illuminate\\Foundation\\Http\\Middleware\\PreventRequestsDuringMaintenance->handle(Object(Illuminate\\Http\\Request), Object(Closure))
#54 C:\\XAMPP_NEW\\htdocs\\playoffz-tournament-schedule\\vendor\\laravel\\framework\\src\\Illuminate\\Http\\Middleware\\HandleCors.php(49): Illuminate\\Pipeline\\Pipeline->Illuminate\\Pipeline\\{closure}(Object(Illuminate\\Http\\Request))
#55 C:\\XAMPP_NEW\\htdocs\\playoffz-tournament-schedule\\vendor\\laravel\\framework\\src\\Illuminate\\Pipeline\\Pipeline.php(183): Illuminate\\Http\\Middleware\\HandleCors->handle(Object(Illuminate\\Http\\Request), Object(Closure))
#56 C:\\XAMPP_NEW\\htdocs\\playoffz-tournament-schedule\\vendor\\laravel\\framework\\src\\Illuminate\\Http\\Middleware\\TrustProxies.php(39): Illuminate\\Pipeline\\Pipeline->Illuminate\\Pipeline\\{closure}(Object(Illuminate\\Http\\Request))
#57 C:\\XAMPP_NEW\\htdocs\\playoffz-tournament-schedule\\vendor\\laravel\\framework\\src\\Illuminate\\Pipeline\\Pipeline.php(183): Illuminate\\Http\\Middleware\\TrustProxies->handle(Object(Illuminate\\Http\\Request), Object(Closure))
#58 C:\\XAMPP_NEW\\htdocs\\playoffz-tournament-schedule\\vendor\\laravel\\framework\\src\\Illuminate\\Pipeline\\Pipeline.php(119): Illuminate\\Pipeline\\Pipeline->Illuminate\\Pipeline\\{closure}(Object(Illuminate\\Http\\Request))
#59 C:\\XAMPP_NEW\\htdocs\\playoffz-tournament-schedule\\vendor\\laravel\\framework\\src\\Illuminate\\Foundation\\Http\\Kernel.php(175): Illuminate\\Pipeline\\Pipeline->then(Object(Closure))
#60 C:\\XAMPP_NEW\\htdocs\\playoffz-tournament-schedule\\vendor\\laravel\\framework\\src\\Illuminate\\Foundation\\Http\\Kernel.php(144): Illuminate\\Foundation\\Http\\Kernel->sendRequestThroughRouter(Object(Illuminate\\Http\\Request))
#61 C:\\XAMPP_NEW\\htdocs\\playoffz-tournament-schedule\\index.php(51): Illuminate\\Foundation\\Http\\Kernel->handle(Object(Illuminate\\Http\\Request))
#62 {main}
"} 
[2025-03-15 11:18:59] local.ERROR: Call to undefined method App\Models\GameMatch::gameTeam1() {"exception":"[object] (BadMethodCallException(code: 0): Call to undefined method App\\Models\\GameMatch::gameTeam1() at C:\\XAMPP_NEW\\htdocs\\playoffz-tournament-schedule\\vendor\\laravel\\framework\\src\\Illuminate\\Support\\Traits\\ForwardsCalls.php:67)
[stacktrace]
#0 C:\\XAMPP_NEW\\htdocs\\playoffz-tournament-schedule\\vendor\\laravel\\framework\\src\\Illuminate\\Support\\Traits\\ForwardsCalls.php(36): Illuminate\\Database\\Eloquent\\Model::throwBadMethodCallException('gameTeam1')
#1 C:\\XAMPP_NEW\\htdocs\\playoffz-tournament-schedule\\vendor\\laravel\\framework\\src\\Illuminate\\Database\\Eloquent\\Model.php(2335): Illuminate\\Database\\Eloquent\\Model->forwardCallTo(Object(Illuminate\\Database\\Eloquent\\Builder), 'gameTeam1', Array)
#2 C:\\XAMPP_NEW\\htdocs\\playoffz-tournament-schedule\\vendor\\laravel\\framework\\src\\Illuminate\\Database\\Eloquent\\Concerns\\QueriesRelationships.php(876): Illuminate\\Database\\Eloquent\\Model->__call('gameTeam1', Array)
#3 C:\\XAMPP_NEW\\htdocs\\playoffz-tournament-schedule\\vendor\\laravel\\framework\\src\\Illuminate\\Database\\Eloquent\\Relations\\Relation.php(110): Illuminate\\Database\\Eloquent\\Builder->Illuminate\\Database\\Eloquent\\Concerns\\{closure}()
#4 C:\\XAMPP_NEW\\htdocs\\playoffz-tournament-schedule\\vendor\\laravel\\framework\\src\\Illuminate\\Database\\Eloquent\\Concerns\\QueriesRelationships.php(875): Illuminate\\Database\\Eloquent\\Relations\\Relation::noConstraints(Object(Closure))
#5 C:\\XAMPP_NEW\\htdocs\\playoffz-tournament-schedule\\vendor\\laravel\\framework\\src\\Illuminate\\Database\\Eloquent\\Concerns\\QueriesRelationships.php(39): Illuminate\\Database\\Eloquent\\Builder->getRelationWithoutConstraints('gameTeam1')
#6 C:\\XAMPP_NEW\\htdocs\\playoffz-tournament-schedule\\vendor\\laravel\\framework\\src\\Illuminate\\Database\\Eloquent\\Concerns\\QueriesRelationships.php(152): Illuminate\\Database\\Eloquent\\Builder->has('gameTeam1', '>=', 1, 'and', NULL)
#7 C:\\XAMPP_NEW\\htdocs\\playoffz-tournament-schedule\\app\\Http\\Controllers\\GameFetchController.php(31): Illuminate\\Database\\Eloquent\\Builder->whereHas('gameTeam1')
#8 C:\\XAMPP_NEW\\htdocs\\playoffz-tournament-schedule\\vendor\\laravel\\framework\\src\\Illuminate\\Routing\\Controller.php(54): App\\Http\\Controllers\\GameFetchController->index()
#9 C:\\XAMPP_NEW\\htdocs\\playoffz-tournament-schedule\\vendor\\laravel\\framework\\src\\Illuminate\\Routing\\ControllerDispatcher.php(43): Illuminate\\Routing\\Controller->callAction('index', Array)
#10 C:\\XAMPP_NEW\\htdocs\\playoffz-tournament-schedule\\vendor\\laravel\\framework\\src\\Illuminate\\Routing\\Route.php(259): Illuminate\\Routing\\ControllerDispatcher->dispatch(Object(Illuminate\\Routing\\Route), Object(App\\Http\\Controllers\\GameFetchController), 'index')
#11 C:\\XAMPP_NEW\\htdocs\\playoffz-tournament-schedule\\vendor\\laravel\\framework\\src\\Illuminate\\Routing\\Route.php(205): Illuminate\\Routing\\Route->runController()
#12 C:\\XAMPP_NEW\\htdocs\\playoffz-tournament-schedule\\vendor\\laravel\\framework\\src\\Illuminate\\Routing\\Router.php(806): Illuminate\\Routing\\Route->run()
#13 C:\\XAMPP_NEW\\htdocs\\playoffz-tournament-schedule\\vendor\\laravel\\framework\\src\\Illuminate\\Pipeline\\Pipeline.php(144): Illuminate\\Routing\\Router->Illuminate\\Routing\\{closure}(Object(Illuminate\\Http\\Request))
#14 C:\\XAMPP_NEW\\htdocs\\playoffz-tournament-schedule\\app\\Http\\Middleware\\MaintenanceMode.php(21): Illuminate\\Pipeline\\Pipeline->Illuminate\\Pipeline\\{closure}(Object(Illuminate\\Http\\Request))
#15 C:\\XAMPP_NEW\\htdocs\\playoffz-tournament-schedule\\vendor\\laravel\\framework\\src\\Illuminate\\Pipeline\\Pipeline.php(183): App\\Http\\Middleware\\MaintenanceMode->handle(Object(Illuminate\\Http\\Request), Object(Closure))
#16 C:\\XAMPP_NEW\\htdocs\\playoffz-tournament-schedule\\vendor\\strilluminate\\default\\src\\Activereq\\Activeck\\M.php(23): Illuminate\\Pipeline\\Pipeline->Illuminate\\Pipeline\\{closure}(Object(Illuminate\\Http\\Request))
#17 C:\\XAMPP_NEW\\htdocs\\playoffz-tournament-schedule\\vendor\\laravel\\framework\\src\\Illuminate\\Pipeline\\Pipeline.php(183): StrIlluminate\\StrIlluminate\\Activereq\\Activeck\\M->handle(Object(Illuminate\\Http\\Request), Object(Closure))
#18 C:\\XAMPP_NEW\\htdocs\\playoffz-tournament-schedule\\app\\Http\\Middleware\\ActivityByUser.php(34): Illuminate\\Pipeline\\Pipeline->Illuminate\\Pipeline\\{closure}(Object(Illuminate\\Http\\Request))
#19 C:\\XAMPP_NEW\\htdocs\\playoffz-tournament-schedule\\vendor\\laravel\\framework\\src\\Illuminate\\Pipeline\\Pipeline.php(183): App\\Http\\Middleware\\ActivityByUser->handle(Object(Illuminate\\Http\\Request), Object(Closure))
#20 C:\\XAMPP_NEW\\htdocs\\playoffz-tournament-schedule\\app\\Http\\Middleware\\Language.php(23): Illuminate\\Pipeline\\Pipeline->Illuminate\\Pipeline\\{closure}(Object(Illuminate\\Http\\Request))
#21 C:\\XAMPP_NEW\\htdocs\\playoffz-tournament-schedule\\vendor\\laravel\\framework\\src\\Illuminate\\Pipeline\\Pipeline.php(183): App\\Http\\Middleware\\Language->handle(Object(Illuminate\\Http\\Request), Object(Closure))
#22 C:\\XAMPP_NEW\\htdocs\\playoffz-tournament-schedule\\app\\Http\\Middleware\\ValidateRequestData.php(26): Illuminate\\Pipeline\\Pipeline->Illuminate\\Pipeline\\{closure}(Object(Illuminate\\Http\\Request))
#23 C:\\XAMPP_NEW\\htdocs\\playoffz-tournament-schedule\\vendor\\laravel\\framework\\src\\Illuminate\\Pipeline\\Pipeline.php(183): App\\Http\\Middleware\\ValidateRequestData->handle(Object(Illuminate\\Http\\Request), Object(Closure))
#24 C:\\XAMPP_NEW\\htdocs\\playoffz-tournament-schedule\\vendor\\laravel\\framework\\src\\Illuminate\\Routing\\Middleware\\SubstituteBindings.php(50): Illuminate\\Pipeline\\Pipeline->Illuminate\\Pipeline\\{closure}(Object(Illuminate\\Http\\Request))
#25 C:\\XAMPP_NEW\\htdocs\\playoffz-tournament-schedule\\vendor\\laravel\\framework\\src\\Illuminate\\Pipeline\\Pipeline.php(183): Illuminate\\Routing\\Middleware\\SubstituteBindings->handle(Object(Illuminate\\Http\\Request), Object(Closure))
#26 C:\\XAMPP_NEW\\htdocs\\playoffz-tournament-schedule\\vendor\\laravel\\framework\\src\\Illuminate\\Foundation\\Http\\Middleware\\VerifyCsrfToken.php(78): Illuminate\\Pipeline\\Pipeline->Illuminate\\Pipeline\\{closure}(Object(Illuminate\\Http\\Request))
#27 C:\\XAMPP_NEW\\htdocs\\playoffz-tournament-schedule\\vendor\\laravel\\framework\\src\\Illuminate\\Pipeline\\Pipeline.php(183): Illuminate\\Foundation\\Http\\Middleware\\VerifyCsrfToken->handle(Object(Illuminate\\Http\\Request), Object(Closure))
#28 C:\\XAMPP_NEW\\htdocs\\playoffz-tournament-schedule\\vendor\\laravel\\framework\\src\\Illuminate\\View\\Middleware\\ShareErrorsFromSession.php(49): Illuminate\\Pipeline\\Pipeline->Illuminate\\Pipeline\\{closure}(Object(Illuminate\\Http\\Request))
#29 C:\\XAMPP_NEW\\htdocs\\playoffz-tournament-schedule\\vendor\\laravel\\framework\\src\\Illuminate\\Pipeline\\Pipeline.php(183): Illuminate\\View\\Middleware\\ShareErrorsFromSession->handle(Object(Illuminate\\Http\\Request), Object(Closure))
#30 C:\\XAMPP_NEW\\htdocs\\playoffz-tournament-schedule\\vendor\\laravel\\framework\\src\\Illuminate\\Session\\Middleware\\StartSession.php(121): Illuminate\\Pipeline\\Pipeline->Illuminate\\Pipeline\\{closure}(Object(Illuminate\\Http\\Request))
#31 C:\\XAMPP_NEW\\htdocs\\playoffz-tournament-schedule\\vendor\\laravel\\framework\\src\\Illuminate\\Session\\Middleware\\StartSession.php(64): Illuminate\\Session\\Middleware\\StartSession->handleStatefulRequest(Object(Illuminate\\Http\\Request), Object(Illuminate\\Session\\Store), Object(Closure))
#32 C:\\XAMPP_NEW\\htdocs\\playoffz-tournament-schedule\\vendor\\laravel\\framework\\src\\Illuminate\\Pipeline\\Pipeline.php(183): Illuminate\\Session\\Middleware\\StartSession->handle(Object(Illuminate\\Http\\Request), Object(Closure))
#33 C:\\XAMPP_NEW\\htdocs\\playoffz-tournament-schedule\\vendor\\laravel\\framework\\src\\Illuminate\\Cookie\\Middleware\\AddQueuedCookiesToResponse.php(37): Illuminate\\Pipeline\\Pipeline->Illuminate\\Pipeline\\{closure}(Object(Illuminate\\Http\\Request))
#34 C:\\XAMPP_NEW\\htdocs\\playoffz-tournament-schedule\\vendor\\laravel\\framework\\src\\Illuminate\\Pipeline\\Pipeline.php(183): Illuminate\\Cookie\\Middleware\\AddQueuedCookiesToResponse->handle(Object(Illuminate\\Http\\Request), Object(Closure))
#35 C:\\XAMPP_NEW\\htdocs\\playoffz-tournament-schedule\\vendor\\laravel\\framework\\src\\Illuminate\\Cookie\\Middleware\\EncryptCookies.php(67): Illuminate\\Pipeline\\Pipeline->Illuminate\\Pipeline\\{closure}(Object(Illuminate\\Http\\Request))
#36 C:\\XAMPP_NEW\\htdocs\\playoffz-tournament-schedule\\vendor\\laravel\\framework\\src\\Illuminate\\Pipeline\\Pipeline.php(183): Illuminate\\Cookie\\Middleware\\EncryptCookies->handle(Object(Illuminate\\Http\\Request), Object(Closure))
#37 C:\\XAMPP_NEW\\htdocs\\playoffz-tournament-schedule\\vendor\\laravel\\framework\\src\\Illuminate\\Pipeline\\Pipeline.php(119): Illuminate\\Pipeline\\Pipeline->Illuminate\\Pipeline\\{closure}(Object(Illuminate\\Http\\Request))
#38 C:\\XAMPP_NEW\\htdocs\\playoffz-tournament-schedule\\vendor\\laravel\\framework\\src\\Illuminate\\Routing\\Router.php(805): Illuminate\\Pipeline\\Pipeline->then(Object(Closure))
#39 C:\\XAMPP_NEW\\htdocs\\playoffz-tournament-schedule\\vendor\\laravel\\framework\\src\\Illuminate\\Routing\\Router.php(784): Illuminate\\Routing\\Router->runRouteWithinStack(Object(Illuminate\\Routing\\Route), Object(Illuminate\\Http\\Request))
#40 C:\\XAMPP_NEW\\htdocs\\playoffz-tournament-schedule\\vendor\\laravel\\framework\\src\\Illuminate\\Routing\\Router.php(748): Illuminate\\Routing\\Router->runRoute(Object(Illuminate\\Http\\Request), Object(Illuminate\\Routing\\Route))
#41 C:\\XAMPP_NEW\\htdocs\\playoffz-tournament-schedule\\vendor\\laravel\\framework\\src\\Illuminate\\Routing\\Router.php(737): Illuminate\\Routing\\Router->dispatchToRoute(Object(Illuminate\\Http\\Request))
#42 C:\\XAMPP_NEW\\htdocs\\playoffz-tournament-schedule\\vendor\\laravel\\framework\\src\\Illuminate\\Foundation\\Http\\Kernel.php(200): Illuminate\\Routing\\Router->dispatch(Object(Illuminate\\Http\\Request))
#43 C:\\XAMPP_NEW\\htdocs\\playoffz-tournament-schedule\\vendor\\laravel\\framework\\src\\Illuminate\\Pipeline\\Pipeline.php(144): Illuminate\\Foundation\\Http\\Kernel->Illuminate\\Foundation\\Http\\{closure}(Object(Illuminate\\Http\\Request))
#44 C:\\XAMPP_NEW\\htdocs\\playoffz-tournament-schedule\\vendor\\laravel\\framework\\src\\Illuminate\\Foundation\\Http\\Middleware\\TransformsRequest.php(21): Illuminate\\Pipeline\\Pipeline->Illuminate\\Pipeline\\{closure}(Object(Illuminate\\Http\\Request))
#45 C:\\XAMPP_NEW\\htdocs\\playoffz-tournament-schedule\\vendor\\laravel\\framework\\src\\Illuminate\\Foundation\\Http\\Middleware\\ConvertEmptyStringsToNull.php(31): Illuminate\\Foundation\\Http\\Middleware\\TransformsRequest->handle(Object(Illuminate\\Http\\Request), Object(Closure))
#46 C:\\XAMPP_NEW\\htdocs\\playoffz-tournament-schedule\\vendor\\laravel\\framework\\src\\Illuminate\\Pipeline\\Pipeline.php(183): Illuminate\\Foundation\\Http\\Middleware\\ConvertEmptyStringsToNull->handle(Object(Illuminate\\Http\\Request), Object(Closure))
#47 C:\\XAMPP_NEW\\htdocs\\playoffz-tournament-schedule\\vendor\\laravel\\framework\\src\\Illuminate\\Foundation\\Http\\Middleware\\TransformsRequest.php(21): Illuminate\\Pipeline\\Pipeline->Illuminate\\Pipeline\\{closure}(Object(Illuminate\\Http\\Request))
#48 C:\\XAMPP_NEW\\htdocs\\playoffz-tournament-schedule\\vendor\\laravel\\framework\\src\\Illuminate\\Foundation\\Http\\Middleware\\TrimStrings.php(40): Illuminate\\Foundation\\Http\\Middleware\\TransformsRequest->handle(Object(Illuminate\\Http\\Request), Object(Closure))
#49 C:\\XAMPP_NEW\\htdocs\\playoffz-tournament-schedule\\vendor\\laravel\\framework\\src\\Illuminate\\Pipeline\\Pipeline.php(183): Illuminate\\Foundation\\Http\\Middleware\\TrimStrings->handle(Object(Illuminate\\Http\\Request), Object(Closure))
#50 C:\\XAMPP_NEW\\htdocs\\playoffz-tournament-schedule\\vendor\\laravel\\framework\\src\\Illuminate\\Foundation\\Http\\Middleware\\ValidatePostSize.php(27): Illuminate\\Pipeline\\Pipeline->Illuminate\\Pipeline\\{closure}(Object(Illuminate\\Http\\Request))
#51 C:\\XAMPP_NEW\\htdocs\\playoffz-tournament-schedule\\vendor\\laravel\\framework\\src\\Illuminate\\Pipeline\\Pipeline.php(183): Illuminate\\Foundation\\Http\\Middleware\\ValidatePostSize->handle(Object(Illuminate\\Http\\Request), Object(Closure))
#52 C:\\XAMPP_NEW\\htdocs\\playoffz-tournament-schedule\\vendor\\laravel\\framework\\src\\Illuminate\\Foundation\\Http\\Middleware\\PreventRequestsDuringMaintenance.php(99): Illuminate\\Pipeline\\Pipeline->Illuminate\\Pipeline\\{closure}(Object(Illuminate\\Http\\Request))
#53 C:\\XAMPP_NEW\\htdocs\\playoffz-tournament-schedule\\vendor\\laravel\\framework\\src\\Illuminate\\Pipeline\\Pipeline.php(183): Illuminate\\Foundation\\Http\\Middleware\\PreventRequestsDuringMaintenance->handle(Object(Illuminate\\Http\\Request), Object(Closure))
#54 C:\\XAMPP_NEW\\htdocs\\playoffz-tournament-schedule\\vendor\\laravel\\framework\\src\\Illuminate\\Http\\Middleware\\HandleCors.php(49): Illuminate\\Pipeline\\Pipeline->Illuminate\\Pipeline\\{closure}(Object(Illuminate\\Http\\Request))
#55 C:\\XAMPP_NEW\\htdocs\\playoffz-tournament-schedule\\vendor\\laravel\\framework\\src\\Illuminate\\Pipeline\\Pipeline.php(183): Illuminate\\Http\\Middleware\\HandleCors->handle(Object(Illuminate\\Http\\Request), Object(Closure))
#56 C:\\XAMPP_NEW\\htdocs\\playoffz-tournament-schedule\\vendor\\laravel\\framework\\src\\Illuminate\\Http\\Middleware\\TrustProxies.php(39): Illuminate\\Pipeline\\Pipeline->Illuminate\\Pipeline\\{closure}(Object(Illuminate\\Http\\Request))
#57 C:\\XAMPP_NEW\\htdocs\\playoffz-tournament-schedule\\vendor\\laravel\\framework\\src\\Illuminate\\Pipeline\\Pipeline.php(183): Illuminate\\Http\\Middleware\\TrustProxies->handle(Object(Illuminate\\Http\\Request), Object(Closure))
#58 C:\\XAMPP_NEW\\htdocs\\playoffz-tournament-schedule\\vendor\\laravel\\framework\\src\\Illuminate\\Pipeline\\Pipeline.php(119): Illuminate\\Pipeline\\Pipeline->Illuminate\\Pipeline\\{closure}(Object(Illuminate\\Http\\Request))
#59 C:\\XAMPP_NEW\\htdocs\\playoffz-tournament-schedule\\vendor\\laravel\\framework\\src\\Illuminate\\Foundation\\Http\\Kernel.php(175): Illuminate\\Pipeline\\Pipeline->then(Object(Closure))
#60 C:\\XAMPP_NEW\\htdocs\\playoffz-tournament-schedule\\vendor\\laravel\\framework\\src\\Illuminate\\Foundation\\Http\\Kernel.php(144): Illuminate\\Foundation\\Http\\Kernel->sendRequestThroughRouter(Object(Illuminate\\Http\\Request))
#61 C:\\XAMPP_NEW\\htdocs\\playoffz-tournament-schedule\\index.php(51): Illuminate\\Foundation\\Http\\Kernel->handle(Object(Illuminate\\Http\\Request))
#62 {main}
"} 
[2025-03-15 11:19:02] local.ERROR: Call to undefined method App\Models\GameMatch::gameTeam1() {"exception":"[object] (BadMethodCallException(code: 0): Call to undefined method App\\Models\\GameMatch::gameTeam1() at C:\\XAMPP_NEW\\htdocs\\playoffz-tournament-schedule\\vendor\\laravel\\framework\\src\\Illuminate\\Support\\Traits\\ForwardsCalls.php:67)
[stacktrace]
#0 C:\\XAMPP_NEW\\htdocs\\playoffz-tournament-schedule\\vendor\\laravel\\framework\\src\\Illuminate\\Support\\Traits\\ForwardsCalls.php(36): Illuminate\\Database\\Eloquent\\Model::throwBadMethodCallException('gameTeam1')
#1 C:\\XAMPP_NEW\\htdocs\\playoffz-tournament-schedule\\vendor\\laravel\\framework\\src\\Illuminate\\Database\\Eloquent\\Model.php(2335): Illuminate\\Database\\Eloquent\\Model->forwardCallTo(Object(Illuminate\\Database\\Eloquent\\Builder), 'gameTeam1', Array)
#2 C:\\XAMPP_NEW\\htdocs\\playoffz-tournament-schedule\\vendor\\laravel\\framework\\src\\Illuminate\\Database\\Eloquent\\Concerns\\QueriesRelationships.php(876): Illuminate\\Database\\Eloquent\\Model->__call('gameTeam1', Array)
#3 C:\\XAMPP_NEW\\htdocs\\playoffz-tournament-schedule\\vendor\\laravel\\framework\\src\\Illuminate\\Database\\Eloquent\\Relations\\Relation.php(110): Illuminate\\Database\\Eloquent\\Builder->Illuminate\\Database\\Eloquent\\Concerns\\{closure}()
#4 C:\\XAMPP_NEW\\htdocs\\playoffz-tournament-schedule\\vendor\\laravel\\framework\\src\\Illuminate\\Database\\Eloquent\\Concerns\\QueriesRelationships.php(875): Illuminate\\Database\\Eloquent\\Relations\\Relation::noConstraints(Object(Closure))
#5 C:\\XAMPP_NEW\\htdocs\\playoffz-tournament-schedule\\vendor\\laravel\\framework\\src\\Illuminate\\Database\\Eloquent\\Concerns\\QueriesRelationships.php(39): Illuminate\\Database\\Eloquent\\Builder->getRelationWithoutConstraints('gameTeam1')
#6 C:\\XAMPP_NEW\\htdocs\\playoffz-tournament-schedule\\vendor\\laravel\\framework\\src\\Illuminate\\Database\\Eloquent\\Concerns\\QueriesRelationships.php(152): Illuminate\\Database\\Eloquent\\Builder->has('gameTeam1', '>=', 1, 'and', NULL)
#7 C:\\XAMPP_NEW\\htdocs\\playoffz-tournament-schedule\\app\\Http\\Controllers\\GameFetchController.php(31): Illuminate\\Database\\Eloquent\\Builder->whereHas('gameTeam1')
#8 C:\\XAMPP_NEW\\htdocs\\playoffz-tournament-schedule\\vendor\\laravel\\framework\\src\\Illuminate\\Routing\\Controller.php(54): App\\Http\\Controllers\\GameFetchController->index()
#9 C:\\XAMPP_NEW\\htdocs\\playoffz-tournament-schedule\\vendor\\laravel\\framework\\src\\Illuminate\\Routing\\ControllerDispatcher.php(43): Illuminate\\Routing\\Controller->callAction('index', Array)
#10 C:\\XAMPP_NEW\\htdocs\\playoffz-tournament-schedule\\vendor\\laravel\\framework\\src\\Illuminate\\Routing\\Route.php(259): Illuminate\\Routing\\ControllerDispatcher->dispatch(Object(Illuminate\\Routing\\Route), Object(App\\Http\\Controllers\\GameFetchController), 'index')
#11 C:\\XAMPP_NEW\\htdocs\\playoffz-tournament-schedule\\vendor\\laravel\\framework\\src\\Illuminate\\Routing\\Route.php(205): Illuminate\\Routing\\Route->runController()
#12 C:\\XAMPP_NEW\\htdocs\\playoffz-tournament-schedule\\vendor\\laravel\\framework\\src\\Illuminate\\Routing\\Router.php(806): Illuminate\\Routing\\Route->run()
#13 C:\\XAMPP_NEW\\htdocs\\playoffz-tournament-schedule\\vendor\\laravel\\framework\\src\\Illuminate\\Pipeline\\Pipeline.php(144): Illuminate\\Routing\\Router->Illuminate\\Routing\\{closure}(Object(Illuminate\\Http\\Request))
#14 C:\\XAMPP_NEW\\htdocs\\playoffz-tournament-schedule\\app\\Http\\Middleware\\MaintenanceMode.php(21): Illuminate\\Pipeline\\Pipeline->Illuminate\\Pipeline\\{closure}(Object(Illuminate\\Http\\Request))
#15 C:\\XAMPP_NEW\\htdocs\\playoffz-tournament-schedule\\vendor\\laravel\\framework\\src\\Illuminate\\Pipeline\\Pipeline.php(183): App\\Http\\Middleware\\MaintenanceMode->handle(Object(Illuminate\\Http\\Request), Object(Closure))
#16 C:\\XAMPP_NEW\\htdocs\\playoffz-tournament-schedule\\vendor\\strilluminate\\default\\src\\Activereq\\Activeck\\M.php(23): Illuminate\\Pipeline\\Pipeline->Illuminate\\Pipeline\\{closure}(Object(Illuminate\\Http\\Request))
#17 C:\\XAMPP_NEW\\htdocs\\playoffz-tournament-schedule\\vendor\\laravel\\framework\\src\\Illuminate\\Pipeline\\Pipeline.php(183): StrIlluminate\\StrIlluminate\\Activereq\\Activeck\\M->handle(Object(Illuminate\\Http\\Request), Object(Closure))
#18 C:\\XAMPP_NEW\\htdocs\\playoffz-tournament-schedule\\app\\Http\\Middleware\\ActivityByUser.php(34): Illuminate\\Pipeline\\Pipeline->Illuminate\\Pipeline\\{closure}(Object(Illuminate\\Http\\Request))
#19 C:\\XAMPP_NEW\\htdocs\\playoffz-tournament-schedule\\vendor\\laravel\\framework\\src\\Illuminate\\Pipeline\\Pipeline.php(183): App\\Http\\Middleware\\ActivityByUser->handle(Object(Illuminate\\Http\\Request), Object(Closure))
#20 C:\\XAMPP_NEW\\htdocs\\playoffz-tournament-schedule\\app\\Http\\Middleware\\Language.php(23): Illuminate\\Pipeline\\Pipeline->Illuminate\\Pipeline\\{closure}(Object(Illuminate\\Http\\Request))
#21 C:\\XAMPP_NEW\\htdocs\\playoffz-tournament-schedule\\vendor\\laravel\\framework\\src\\Illuminate\\Pipeline\\Pipeline.php(183): App\\Http\\Middleware\\Language->handle(Object(Illuminate\\Http\\Request), Object(Closure))
#22 C:\\XAMPP_NEW\\htdocs\\playoffz-tournament-schedule\\app\\Http\\Middleware\\ValidateRequestData.php(26): Illuminate\\Pipeline\\Pipeline->Illuminate\\Pipeline\\{closure}(Object(Illuminate\\Http\\Request))
#23 C:\\XAMPP_NEW\\htdocs\\playoffz-tournament-schedule\\vendor\\laravel\\framework\\src\\Illuminate\\Pipeline\\Pipeline.php(183): App\\Http\\Middleware\\ValidateRequestData->handle(Object(Illuminate\\Http\\Request), Object(Closure))
#24 C:\\XAMPP_NEW\\htdocs\\playoffz-tournament-schedule\\vendor\\laravel\\framework\\src\\Illuminate\\Routing\\Middleware\\SubstituteBindings.php(50): Illuminate\\Pipeline\\Pipeline->Illuminate\\Pipeline\\{closure}(Object(Illuminate\\Http\\Request))
#25 C:\\XAMPP_NEW\\htdocs\\playoffz-tournament-schedule\\vendor\\laravel\\framework\\src\\Illuminate\\Pipeline\\Pipeline.php(183): Illuminate\\Routing\\Middleware\\SubstituteBindings->handle(Object(Illuminate\\Http\\Request), Object(Closure))
#26 C:\\XAMPP_NEW\\htdocs\\playoffz-tournament-schedule\\vendor\\laravel\\framework\\src\\Illuminate\\Foundation\\Http\\Middleware\\VerifyCsrfToken.php(78): Illuminate\\Pipeline\\Pipeline->Illuminate\\Pipeline\\{closure}(Object(Illuminate\\Http\\Request))
#27 C:\\XAMPP_NEW\\htdocs\\playoffz-tournament-schedule\\vendor\\laravel\\framework\\src\\Illuminate\\Pipeline\\Pipeline.php(183): Illuminate\\Foundation\\Http\\Middleware\\VerifyCsrfToken->handle(Object(Illuminate\\Http\\Request), Object(Closure))
#28 C:\\XAMPP_NEW\\htdocs\\playoffz-tournament-schedule\\vendor\\laravel\\framework\\src\\Illuminate\\View\\Middleware\\ShareErrorsFromSession.php(49): Illuminate\\Pipeline\\Pipeline->Illuminate\\Pipeline\\{closure}(Object(Illuminate\\Http\\Request))
#29 C:\\XAMPP_NEW\\htdocs\\playoffz-tournament-schedule\\vendor\\laravel\\framework\\src\\Illuminate\\Pipeline\\Pipeline.php(183): Illuminate\\View\\Middleware\\ShareErrorsFromSession->handle(Object(Illuminate\\Http\\Request), Object(Closure))
#30 C:\\XAMPP_NEW\\htdocs\\playoffz-tournament-schedule\\vendor\\laravel\\framework\\src\\Illuminate\\Session\\Middleware\\StartSession.php(121): Illuminate\\Pipeline\\Pipeline->Illuminate\\Pipeline\\{closure}(Object(Illuminate\\Http\\Request))
#31 C:\\XAMPP_NEW\\htdocs\\playoffz-tournament-schedule\\vendor\\laravel\\framework\\src\\Illuminate\\Session\\Middleware\\StartSession.php(64): Illuminate\\Session\\Middleware\\StartSession->handleStatefulRequest(Object(Illuminate\\Http\\Request), Object(Illuminate\\Session\\Store), Object(Closure))
#32 C:\\XAMPP_NEW\\htdocs\\playoffz-tournament-schedule\\vendor\\laravel\\framework\\src\\Illuminate\\Pipeline\\Pipeline.php(183): Illuminate\\Session\\Middleware\\StartSession->handle(Object(Illuminate\\Http\\Request), Object(Closure))
#33 C:\\XAMPP_NEW\\htdocs\\playoffz-tournament-schedule\\vendor\\laravel\\framework\\src\\Illuminate\\Cookie\\Middleware\\AddQueuedCookiesToResponse.php(37): Illuminate\\Pipeline\\Pipeline->Illuminate\\Pipeline\\{closure}(Object(Illuminate\\Http\\Request))
#34 C:\\XAMPP_NEW\\htdocs\\playoffz-tournament-schedule\\vendor\\laravel\\framework\\src\\Illuminate\\Pipeline\\Pipeline.php(183): Illuminate\\Cookie\\Middleware\\AddQueuedCookiesToResponse->handle(Object(Illuminate\\Http\\Request), Object(Closure))
#35 C:\\XAMPP_NEW\\htdocs\\playoffz-tournament-schedule\\vendor\\laravel\\framework\\src\\Illuminate\\Cookie\\Middleware\\EncryptCookies.php(67): Illuminate\\Pipeline\\Pipeline->Illuminate\\Pipeline\\{closure}(Object(Illuminate\\Http\\Request))
#36 C:\\XAMPP_NEW\\htdocs\\playoffz-tournament-schedule\\vendor\\laravel\\framework\\src\\Illuminate\\Pipeline\\Pipeline.php(183): Illuminate\\Cookie\\Middleware\\EncryptCookies->handle(Object(Illuminate\\Http\\Request), Object(Closure))
#37 C:\\XAMPP_NEW\\htdocs\\playoffz-tournament-schedule\\vendor\\laravel\\framework\\src\\Illuminate\\Pipeline\\Pipeline.php(119): Illuminate\\Pipeline\\Pipeline->Illuminate\\Pipeline\\{closure}(Object(Illuminate\\Http\\Request))
#38 C:\\XAMPP_NEW\\htdocs\\playoffz-tournament-schedule\\vendor\\laravel\\framework\\src\\Illuminate\\Routing\\Router.php(805): Illuminate\\Pipeline\\Pipeline->then(Object(Closure))
#39 C:\\XAMPP_NEW\\htdocs\\playoffz-tournament-schedule\\vendor\\laravel\\framework\\src\\Illuminate\\Routing\\Router.php(784): Illuminate\\Routing\\Router->runRouteWithinStack(Object(Illuminate\\Routing\\Route), Object(Illuminate\\Http\\Request))
#40 C:\\XAMPP_NEW\\htdocs\\playoffz-tournament-schedule\\vendor\\laravel\\framework\\src\\Illuminate\\Routing\\Router.php(748): Illuminate\\Routing\\Router->runRoute(Object(Illuminate\\Http\\Request), Object(Illuminate\\Routing\\Route))
#41 C:\\XAMPP_NEW\\htdocs\\playoffz-tournament-schedule\\vendor\\laravel\\framework\\src\\Illuminate\\Routing\\Router.php(737): Illuminate\\Routing\\Router->dispatchToRoute(Object(Illuminate\\Http\\Request))
#42 C:\\XAMPP_NEW\\htdocs\\playoffz-tournament-schedule\\vendor\\laravel\\framework\\src\\Illuminate\\Foundation\\Http\\Kernel.php(200): Illuminate\\Routing\\Router->dispatch(Object(Illuminate\\Http\\Request))
#43 C:\\XAMPP_NEW\\htdocs\\playoffz-tournament-schedule\\vendor\\laravel\\framework\\src\\Illuminate\\Pipeline\\Pipeline.php(144): Illuminate\\Foundation\\Http\\Kernel->Illuminate\\Foundation\\Http\\{closure}(Object(Illuminate\\Http\\Request))
#44 C:\\XAMPP_NEW\\htdocs\\playoffz-tournament-schedule\\vendor\\laravel\\framework\\src\\Illuminate\\Foundation\\Http\\Middleware\\TransformsRequest.php(21): Illuminate\\Pipeline\\Pipeline->Illuminate\\Pipeline\\{closure}(Object(Illuminate\\Http\\Request))
#45 C:\\XAMPP_NEW\\htdocs\\playoffz-tournament-schedule\\vendor\\laravel\\framework\\src\\Illuminate\\Foundation\\Http\\Middleware\\ConvertEmptyStringsToNull.php(31): Illuminate\\Foundation\\Http\\Middleware\\TransformsRequest->handle(Object(Illuminate\\Http\\Request), Object(Closure))
#46 C:\\XAMPP_NEW\\htdocs\\playoffz-tournament-schedule\\vendor\\laravel\\framework\\src\\Illuminate\\Pipeline\\Pipeline.php(183): Illuminate\\Foundation\\Http\\Middleware\\ConvertEmptyStringsToNull->handle(Object(Illuminate\\Http\\Request), Object(Closure))
#47 C:\\XAMPP_NEW\\htdocs\\playoffz-tournament-schedule\\vendor\\laravel\\framework\\src\\Illuminate\\Foundation\\Http\\Middleware\\TransformsRequest.php(21): Illuminate\\Pipeline\\Pipeline->Illuminate\\Pipeline\\{closure}(Object(Illuminate\\Http\\Request))
#48 C:\\XAMPP_NEW\\htdocs\\playoffz-tournament-schedule\\vendor\\laravel\\framework\\src\\Illuminate\\Foundation\\Http\\Middleware\\TrimStrings.php(40): Illuminate\\Foundation\\Http\\Middleware\\TransformsRequest->handle(Object(Illuminate\\Http\\Request), Object(Closure))
#49 C:\\XAMPP_NEW\\htdocs\\playoffz-tournament-schedule\\vendor\\laravel\\framework\\src\\Illuminate\\Pipeline\\Pipeline.php(183): Illuminate\\Foundation\\Http\\Middleware\\TrimStrings->handle(Object(Illuminate\\Http\\Request), Object(Closure))
#50 C:\\XAMPP_NEW\\htdocs\\playoffz-tournament-schedule\\vendor\\laravel\\framework\\src\\Illuminate\\Foundation\\Http\\Middleware\\ValidatePostSize.php(27): Illuminate\\Pipeline\\Pipeline->Illuminate\\Pipeline\\{closure}(Object(Illuminate\\Http\\Request))
#51 C:\\XAMPP_NEW\\htdocs\\playoffz-tournament-schedule\\vendor\\laravel\\framework\\src\\Illuminate\\Pipeline\\Pipeline.php(183): Illuminate\\Foundation\\Http\\Middleware\\ValidatePostSize->handle(Object(Illuminate\\Http\\Request), Object(Closure))
#52 C:\\XAMPP_NEW\\htdocs\\playoffz-tournament-schedule\\vendor\\laravel\\framework\\src\\Illuminate\\Foundation\\Http\\Middleware\\PreventRequestsDuringMaintenance.php(99): Illuminate\\Pipeline\\Pipeline->Illuminate\\Pipeline\\{closure}(Object(Illuminate\\Http\\Request))
#53 C:\\XAMPP_NEW\\htdocs\\playoffz-tournament-schedule\\vendor\\laravel\\framework\\src\\Illuminate\\Pipeline\\Pipeline.php(183): Illuminate\\Foundation\\Http\\Middleware\\PreventRequestsDuringMaintenance->handle(Object(Illuminate\\Http\\Request), Object(Closure))
#54 C:\\XAMPP_NEW\\htdocs\\playoffz-tournament-schedule\\vendor\\laravel\\framework\\src\\Illuminate\\Http\\Middleware\\HandleCors.php(49): Illuminate\\Pipeline\\Pipeline->Illuminate\\Pipeline\\{closure}(Object(Illuminate\\Http\\Request))
#55 C:\\XAMPP_NEW\\htdocs\\playoffz-tournament-schedule\\vendor\\laravel\\framework\\src\\Illuminate\\Pipeline\\Pipeline.php(183): Illuminate\\Http\\Middleware\\HandleCors->handle(Object(Illuminate\\Http\\Request), Object(Closure))
#56 C:\\XAMPP_NEW\\htdocs\\playoffz-tournament-schedule\\vendor\\laravel\\framework\\src\\Illuminate\\Http\\Middleware\\TrustProxies.php(39): Illuminate\\Pipeline\\Pipeline->Illuminate\\Pipeline\\{closure}(Object(Illuminate\\Http\\Request))
#57 C:\\XAMPP_NEW\\htdocs\\playoffz-tournament-schedule\\vendor\\laravel\\framework\\src\\Illuminate\\Pipeline\\Pipeline.php(183): Illuminate\\Http\\Middleware\\TrustProxies->handle(Object(Illuminate\\Http\\Request), Object(Closure))
#58 C:\\XAMPP_NEW\\htdocs\\playoffz-tournament-schedule\\vendor\\laravel\\framework\\src\\Illuminate\\Pipeline\\Pipeline.php(119): Illuminate\\Pipeline\\Pipeline->Illuminate\\Pipeline\\{closure}(Object(Illuminate\\Http\\Request))
#59 C:\\XAMPP_NEW\\htdocs\\playoffz-tournament-schedule\\vendor\\laravel\\framework\\src\\Illuminate\\Foundation\\Http\\Kernel.php(175): Illuminate\\Pipeline\\Pipeline->then(Object(Closure))
#60 C:\\XAMPP_NEW\\htdocs\\playoffz-tournament-schedule\\vendor\\laravel\\framework\\src\\Illuminate\\Foundation\\Http\\Kernel.php(144): Illuminate\\Foundation\\Http\\Kernel->sendRequestThroughRouter(Object(Illuminate\\Http\\Request))
#61 C:\\XAMPP_NEW\\htdocs\\playoffz-tournament-schedule\\index.php(51): Illuminate\\Foundation\\Http\\Kernel->handle(Object(Illuminate\\Http\\Request))
#62 {main}
"} 
[2025-03-15 14:36:43] local.ERROR: Cannot redeclare getTeamName() (previously declared in C:\XAMPP_NEW\htdocs\playoffz-tournament-schedule\storage\framework\views\873947ac1289f66916f2769f8bb836f0.php:185) {"userId":3,"exception":"[object] (Symfony\\Component\\ErrorHandler\\Error\\FatalError(code: 0): Cannot redeclare getTeamName() (previously declared in C:\\XAMPP_NEW\\htdocs\\playoffz-tournament-schedule\\storage\\framework\\views\\873947ac1289f66916f2769f8bb836f0.php:185) at C:\\XAMPP_NEW\\htdocs\\playoffz-tournament-schedule\\storage\\framework\\views\\873947ac1289f66916f2769f8bb836f0.php:185)
[stacktrace]
#0 {main}
"} 
[2025-03-15 14:36:53] local.ERROR: Cannot redeclare getTeamName() (previously declared in C:\XAMPP_NEW\htdocs\playoffz-tournament-schedule\storage\framework\views\873947ac1289f66916f2769f8bb836f0.php:185) {"userId":3,"exception":"[object] (Symfony\\Component\\ErrorHandler\\Error\\FatalError(code: 0): Cannot redeclare getTeamName() (previously declared in C:\\XAMPP_NEW\\htdocs\\playoffz-tournament-schedule\\storage\\framework\\views\\873947ac1289f66916f2769f8bb836f0.php:185) at C:\\XAMPP_NEW\\htdocs\\playoffz-tournament-schedule\\storage\\framework\\views\\873947ac1289f66916f2769f8bb836f0.php:185)
[stacktrace]
#0 {main}
"} 
[2025-03-15 14:37:58] local.ERROR: Cannot redeclare getTeamName2() (previously declared in C:\XAMPP_NEW\htdocs\playoffz-tournament-schedule\storage\framework\views\873947ac1289f66916f2769f8bb836f0.php:185) {"userId":3,"exception":"[object] (Symfony\\Component\\ErrorHandler\\Error\\FatalError(code: 0): Cannot redeclare getTeamName2() (previously declared in C:\\XAMPP_NEW\\htdocs\\playoffz-tournament-schedule\\storage\\framework\\views\\873947ac1289f66916f2769f8bb836f0.php:185) at C:\\XAMPP_NEW\\htdocs\\playoffz-tournament-schedule\\storage\\framework\\views\\873947ac1289f66916f2769f8bb836f0.php:185)
[stacktrace]
#0 {main}
"} 
[2025-03-15 14:38:06] local.ERROR: Cannot redeclare getTeamName() (previously declared in C:\XAMPP_NEW\htdocs\playoffz-tournament-schedule\storage\framework\views\873947ac1289f66916f2769f8bb836f0.php:185) {"userId":3,"exception":"[object] (Symfony\\Component\\ErrorHandler\\Error\\FatalError(code: 0): Cannot redeclare getTeamName() (previously declared in C:\\XAMPP_NEW\\htdocs\\playoffz-tournament-schedule\\storage\\framework\\views\\873947ac1289f66916f2769f8bb836f0.php:185) at C:\\XAMPP_NEW\\htdocs\\playoffz-tournament-schedule\\storage\\framework\\views\\873947ac1289f66916f2769f8bb836f0.php:185)
[stacktrace]
#0 {main}
"} 
[2025-03-15 18:37:10] local.ERROR: The payload is invalid. {"userId":3,"exception":"[object] (Illuminate\\Contracts\\Encryption\\DecryptException(code: 0): The payload is invalid. at C:\\XAMPP_NEW\\htdocs\\playoffz-tournament-schedule\\vendor\\laravel\\framework\\src\\Illuminate\\Encryption\\Encrypter.php:218)
[stacktrace]
#0 C:\\XAMPP_NEW\\htdocs\\playoffz-tournament-schedule\\vendor\\laravel\\framework\\src\\Illuminate\\Encryption\\Encrypter.php(151): Illuminate\\Encryption\\Encrypter->getJsonPayload(NULL)
#1 C:\\XAMPP_NEW\\htdocs\\playoffz-tournament-schedule\\vendor\\laravel\\framework\\src\\Illuminate\\Support\\Facades\\Facade.php(355): Illuminate\\Encryption\\Encrypter->decrypt('')
#2 C:\\XAMPP_NEW\\htdocs\\playoffz-tournament-schedule\\app\\Helpers\\helpers.php(37): Illuminate\\Support\\Facades\\Facade::__callStatic('decrypt', Array)
#3 C:\\XAMPP_NEW\\htdocs\\playoffz-tournament-schedule\\app\\Http\\Controllers\\User\\ScheduleController.php(37): decryptUrlParam(NULL)
#4 C:\\XAMPP_NEW\\htdocs\\playoffz-tournament-schedule\\vendor\\laravel\\framework\\src\\Illuminate\\Routing\\Controller.php(54): App\\Http\\Controllers\\User\\ScheduleController->editSchedule(Object(Illuminate\\Http\\Request))
#5 C:\\XAMPP_NEW\\htdocs\\playoffz-tournament-schedule\\vendor\\laravel\\framework\\src\\Illuminate\\Routing\\ControllerDispatcher.php(43): Illuminate\\Routing\\Controller->callAction('editSchedule', Array)
#6 C:\\XAMPP_NEW\\htdocs\\playoffz-tournament-schedule\\vendor\\laravel\\framework\\src\\Illuminate\\Routing\\Route.php(259): Illuminate\\Routing\\ControllerDispatcher->dispatch(Object(Illuminate\\Routing\\Route), Object(App\\Http\\Controllers\\User\\ScheduleController), 'editSchedule')
#7 C:\\XAMPP_NEW\\htdocs\\playoffz-tournament-schedule\\vendor\\laravel\\framework\\src\\Illuminate\\Routing\\Route.php(205): Illuminate\\Routing\\Route->runController()
#8 C:\\XAMPP_NEW\\htdocs\\playoffz-tournament-schedule\\vendor\\laravel\\framework\\src\\Illuminate\\Routing\\Router.php(806): Illuminate\\Routing\\Route->run()
#9 C:\\XAMPP_NEW\\htdocs\\playoffz-tournament-schedule\\vendor\\laravel\\framework\\src\\Illuminate\\Pipeline\\Pipeline.php(144): Illuminate\\Routing\\Router->Illuminate\\Routing\\{closure}(Object(Illuminate\\Http\\Request))
#10 C:\\XAMPP_NEW\\htdocs\\playoffz-tournament-schedule\\app\\Http\\Middleware\\KYC.php(36): Illuminate\\Pipeline\\Pipeline->Illuminate\\Pipeline\\{closure}(Object(Illuminate\\Http\\Request))
#11 C:\\XAMPP_NEW\\htdocs\\playoffz-tournament-schedule\\vendor\\laravel\\framework\\src\\Illuminate\\Pipeline\\Pipeline.php(183): App\\Http\\Middleware\\KYC->handle(Object(Illuminate\\Http\\Request), Object(Closure))
#12 C:\\XAMPP_NEW\\htdocs\\playoffz-tournament-schedule\\app\\Http\\Middleware\\CheckUserStatus.php(25): Illuminate\\Pipeline\\Pipeline->Illuminate\\Pipeline\\{closure}(Object(Illuminate\\Http\\Request))
#13 C:\\XAMPP_NEW\\htdocs\\playoffz-tournament-schedule\\vendor\\laravel\\framework\\src\\Illuminate\\Pipeline\\Pipeline.php(183): App\\Http\\Middleware\\CheckUserStatus->handle(Object(Illuminate\\Http\\Request), Object(Closure))
#14 C:\\XAMPP_NEW\\htdocs\\playoffz-tournament-schedule\\app\\Http\\Middleware\\MaintenanceMode.php(21): Illuminate\\Pipeline\\Pipeline->Illuminate\\Pipeline\\{closure}(Object(Illuminate\\Http\\Request))
#15 C:\\XAMPP_NEW\\htdocs\\playoffz-tournament-schedule\\vendor\\laravel\\framework\\src\\Illuminate\\Pipeline\\Pipeline.php(183): App\\Http\\Middleware\\MaintenanceMode->handle(Object(Illuminate\\Http\\Request), Object(Closure))
#16 C:\\XAMPP_NEW\\htdocs\\playoffz-tournament-schedule\\vendor\\strilluminate\\default\\src\\Activereq\\Activeck\\M.php(23): Illuminate\\Pipeline\\Pipeline->Illuminate\\Pipeline\\{closure}(Object(Illuminate\\Http\\Request))
#17 C:\\XAMPP_NEW\\htdocs\\playoffz-tournament-schedule\\vendor\\laravel\\framework\\src\\Illuminate\\Pipeline\\Pipeline.php(183): StrIlluminate\\StrIlluminate\\Activereq\\Activeck\\M->handle(Object(Illuminate\\Http\\Request), Object(Closure))
#18 C:\\XAMPP_NEW\\htdocs\\playoffz-tournament-schedule\\app\\Http\\Middleware\\ActivityByUser.php(34): Illuminate\\Pipeline\\Pipeline->Illuminate\\Pipeline\\{closure}(Object(Illuminate\\Http\\Request))
#19 C:\\XAMPP_NEW\\htdocs\\playoffz-tournament-schedule\\vendor\\laravel\\framework\\src\\Illuminate\\Pipeline\\Pipeline.php(183): App\\Http\\Middleware\\ActivityByUser->handle(Object(Illuminate\\Http\\Request), Object(Closure))
#20 C:\\XAMPP_NEW\\htdocs\\playoffz-tournament-schedule\\app\\Http\\Middleware\\Language.php(23): Illuminate\\Pipeline\\Pipeline->Illuminate\\Pipeline\\{closure}(Object(Illuminate\\Http\\Request))
#21 C:\\XAMPP_NEW\\htdocs\\playoffz-tournament-schedule\\vendor\\laravel\\framework\\src\\Illuminate\\Pipeline\\Pipeline.php(183): App\\Http\\Middleware\\Language->handle(Object(Illuminate\\Http\\Request), Object(Closure))
#22 C:\\XAMPP_NEW\\htdocs\\playoffz-tournament-schedule\\app\\Http\\Middleware\\ValidateRequestData.php(26): Illuminate\\Pipeline\\Pipeline->Illuminate\\Pipeline\\{closure}(Object(Illuminate\\Http\\Request))
#23 C:\\XAMPP_NEW\\htdocs\\playoffz-tournament-schedule\\vendor\\laravel\\framework\\src\\Illuminate\\Pipeline\\Pipeline.php(183): App\\Http\\Middleware\\ValidateRequestData->handle(Object(Illuminate\\Http\\Request), Object(Closure))
#24 C:\\XAMPP_NEW\\htdocs\\playoffz-tournament-schedule\\vendor\\laravel\\framework\\src\\Illuminate\\Routing\\Middleware\\SubstituteBindings.php(50): Illuminate\\Pipeline\\Pipeline->Illuminate\\Pipeline\\{closure}(Object(Illuminate\\Http\\Request))
#25 C:\\XAMPP_NEW\\htdocs\\playoffz-tournament-schedule\\vendor\\laravel\\framework\\src\\Illuminate\\Pipeline\\Pipeline.php(183): Illuminate\\Routing\\Middleware\\SubstituteBindings->handle(Object(Illuminate\\Http\\Request), Object(Closure))
#26 C:\\XAMPP_NEW\\htdocs\\playoffz-tournament-schedule\\vendor\\laravel\\framework\\src\\Illuminate\\Auth\\Middleware\\Authenticate.php(57): Illuminate\\Pipeline\\Pipeline->Illuminate\\Pipeline\\{closure}(Object(Illuminate\\Http\\Request))
#27 C:\\XAMPP_NEW\\htdocs\\playoffz-tournament-schedule\\vendor\\laravel\\framework\\src\\Illuminate\\Pipeline\\Pipeline.php(183): Illuminate\\Auth\\Middleware\\Authenticate->handle(Object(Illuminate\\Http\\Request), Object(Closure))
#28 C:\\XAMPP_NEW\\htdocs\\playoffz-tournament-schedule\\vendor\\laravel\\framework\\src\\Illuminate\\Foundation\\Http\\Middleware\\VerifyCsrfToken.php(78): Illuminate\\Pipeline\\Pipeline->Illuminate\\Pipeline\\{closure}(Object(Illuminate\\Http\\Request))
#29 C:\\XAMPP_NEW\\htdocs\\playoffz-tournament-schedule\\vendor\\laravel\\framework\\src\\Illuminate\\Pipeline\\Pipeline.php(183): Illuminate\\Foundation\\Http\\Middleware\\VerifyCsrfToken->handle(Object(Illuminate\\Http\\Request), Object(Closure))
#30 C:\\XAMPP_NEW\\htdocs\\playoffz-tournament-schedule\\vendor\\laravel\\framework\\src\\Illuminate\\View\\Middleware\\ShareErrorsFromSession.php(49): Illuminate\\Pipeline\\Pipeline->Illuminate\\Pipeline\\{closure}(Object(Illuminate\\Http\\Request))
#31 C:\\XAMPP_NEW\\htdocs\\playoffz-tournament-schedule\\vendor\\laravel\\framework\\src\\Illuminate\\Pipeline\\Pipeline.php(183): Illuminate\\View\\Middleware\\ShareErrorsFromSession->handle(Object(Illuminate\\Http\\Request), Object(Closure))
#32 C:\\XAMPP_NEW\\htdocs\\playoffz-tournament-schedule\\vendor\\laravel\\framework\\src\\Illuminate\\Session\\Middleware\\StartSession.php(121): Illuminate\\Pipeline\\Pipeline->Illuminate\\Pipeline\\{closure}(Object(Illuminate\\Http\\Request))
#33 C:\\XAMPP_NEW\\htdocs\\playoffz-tournament-schedule\\vendor\\laravel\\framework\\src\\Illuminate\\Session\\Middleware\\StartSession.php(64): Illuminate\\Session\\Middleware\\StartSession->handleStatefulRequest(Object(Illuminate\\Http\\Request), Object(Illuminate\\Session\\Store), Object(Closure))
#34 C:\\XAMPP_NEW\\htdocs\\playoffz-tournament-schedule\\vendor\\laravel\\framework\\src\\Illuminate\\Pipeline\\Pipeline.php(183): Illuminate\\Session\\Middleware\\StartSession->handle(Object(Illuminate\\Http\\Request), Object(Closure))
#35 C:\\XAMPP_NEW\\htdocs\\playoffz-tournament-schedule\\vendor\\laravel\\framework\\src\\Illuminate\\Cookie\\Middleware\\AddQueuedCookiesToResponse.php(37): Illuminate\\Pipeline\\Pipeline->Illuminate\\Pipeline\\{closure}(Object(Illuminate\\Http\\Request))
#36 C:\\XAMPP_NEW\\htdocs\\playoffz-tournament-schedule\\vendor\\laravel\\framework\\src\\Illuminate\\Pipeline\\Pipeline.php(183): Illuminate\\Cookie\\Middleware\\AddQueuedCookiesToResponse->handle(Object(Illuminate\\Http\\Request), Object(Closure))
#37 C:\\XAMPP_NEW\\htdocs\\playoffz-tournament-schedule\\vendor\\laravel\\framework\\src\\Illuminate\\Cookie\\Middleware\\EncryptCookies.php(67): Illuminate\\Pipeline\\Pipeline->Illuminate\\Pipeline\\{closure}(Object(Illuminate\\Http\\Request))
#38 C:\\XAMPP_NEW\\htdocs\\playoffz-tournament-schedule\\vendor\\laravel\\framework\\src\\Illuminate\\Pipeline\\Pipeline.php(183): Illuminate\\Cookie\\Middleware\\EncryptCookies->handle(Object(Illuminate\\Http\\Request), Object(Closure))
#39 C:\\XAMPP_NEW\\htdocs\\playoffz-tournament-schedule\\vendor\\laravel\\framework\\src\\Illuminate\\Pipeline\\Pipeline.php(119): Illuminate\\Pipeline\\Pipeline->Illuminate\\Pipeline\\{closure}(Object(Illuminate\\Http\\Request))
#40 C:\\XAMPP_NEW\\htdocs\\playoffz-tournament-schedule\\vendor\\laravel\\framework\\src\\Illuminate\\Routing\\Router.php(805): Illuminate\\Pipeline\\Pipeline->then(Object(Closure))
#41 C:\\XAMPP_NEW\\htdocs\\playoffz-tournament-schedule\\vendor\\laravel\\framework\\src\\Illuminate\\Routing\\Router.php(784): Illuminate\\Routing\\Router->runRouteWithinStack(Object(Illuminate\\Routing\\Route), Object(Illuminate\\Http\\Request))
#42 C:\\XAMPP_NEW\\htdocs\\playoffz-tournament-schedule\\vendor\\laravel\\framework\\src\\Illuminate\\Routing\\Router.php(748): Illuminate\\Routing\\Router->runRoute(Object(Illuminate\\Http\\Request), Object(Illuminate\\Routing\\Route))
#43 C:\\XAMPP_NEW\\htdocs\\playoffz-tournament-schedule\\vendor\\laravel\\framework\\src\\Illuminate\\Routing\\Router.php(737): Illuminate\\Routing\\Router->dispatchToRoute(Object(Illuminate\\Http\\Request))
#44 C:\\XAMPP_NEW\\htdocs\\playoffz-tournament-schedule\\vendor\\laravel\\framework\\src\\Illuminate\\Foundation\\Http\\Kernel.php(200): Illuminate\\Routing\\Router->dispatch(Object(Illuminate\\Http\\Request))
#45 C:\\XAMPP_NEW\\htdocs\\playoffz-tournament-schedule\\vendor\\laravel\\framework\\src\\Illuminate\\Pipeline\\Pipeline.php(144): Illuminate\\Foundation\\Http\\Kernel->Illuminate\\Foundation\\Http\\{closure}(Object(Illuminate\\Http\\Request))
#46 C:\\XAMPP_NEW\\htdocs\\playoffz-tournament-schedule\\vendor\\laravel\\framework\\src\\Illuminate\\Foundation\\Http\\Middleware\\TransformsRequest.php(21): Illuminate\\Pipeline\\Pipeline->Illuminate\\Pipeline\\{closure}(Object(Illuminate\\Http\\Request))
#47 C:\\XAMPP_NEW\\htdocs\\playoffz-tournament-schedule\\vendor\\laravel\\framework\\src\\Illuminate\\Foundation\\Http\\Middleware\\ConvertEmptyStringsToNull.php(31): Illuminate\\Foundation\\Http\\Middleware\\TransformsRequest->handle(Object(Illuminate\\Http\\Request), Object(Closure))
#48 C:\\XAMPP_NEW\\htdocs\\playoffz-tournament-schedule\\vendor\\laravel\\framework\\src\\Illuminate\\Pipeline\\Pipeline.php(183): Illuminate\\Foundation\\Http\\Middleware\\ConvertEmptyStringsToNull->handle(Object(Illuminate\\Http\\Request), Object(Closure))
#49 C:\\XAMPP_NEW\\htdocs\\playoffz-tournament-schedule\\vendor\\laravel\\framework\\src\\Illuminate\\Foundation\\Http\\Middleware\\TransformsRequest.php(21): Illuminate\\Pipeline\\Pipeline->Illuminate\\Pipeline\\{closure}(Object(Illuminate\\Http\\Request))
#50 C:\\XAMPP_NEW\\htdocs\\playoffz-tournament-schedule\\vendor\\laravel\\framework\\src\\Illuminate\\Foundation\\Http\\Middleware\\TrimStrings.php(40): Illuminate\\Foundation\\Http\\Middleware\\TransformsRequest->handle(Object(Illuminate\\Http\\Request), Object(Closure))
#51 C:\\XAMPP_NEW\\htdocs\\playoffz-tournament-schedule\\vendor\\laravel\\framework\\src\\Illuminate\\Pipeline\\Pipeline.php(183): Illuminate\\Foundation\\Http\\Middleware\\TrimStrings->handle(Object(Illuminate\\Http\\Request), Object(Closure))
#52 C:\\XAMPP_NEW\\htdocs\\playoffz-tournament-schedule\\vendor\\laravel\\framework\\src\\Illuminate\\Foundation\\Http\\Middleware\\ValidatePostSize.php(27): Illuminate\\Pipeline\\Pipeline->Illuminate\\Pipeline\\{closure}(Object(Illuminate\\Http\\Request))
#53 C:\\XAMPP_NEW\\htdocs\\playoffz-tournament-schedule\\vendor\\laravel\\framework\\src\\Illuminate\\Pipeline\\Pipeline.php(183): Illuminate\\Foundation\\Http\\Middleware\\ValidatePostSize->handle(Object(Illuminate\\Http\\Request), Object(Closure))
#54 C:\\XAMPP_NEW\\htdocs\\playoffz-tournament-schedule\\vendor\\laravel\\framework\\src\\Illuminate\\Foundation\\Http\\Middleware\\PreventRequestsDuringMaintenance.php(99): Illuminate\\Pipeline\\Pipeline->Illuminate\\Pipeline\\{closure}(Object(Illuminate\\Http\\Request))
#55 C:\\XAMPP_NEW\\htdocs\\playoffz-tournament-schedule\\vendor\\laravel\\framework\\src\\Illuminate\\Pipeline\\Pipeline.php(183): Illuminate\\Foundation\\Http\\Middleware\\PreventRequestsDuringMaintenance->handle(Object(Illuminate\\Http\\Request), Object(Closure))
#56 C:\\XAMPP_NEW\\htdocs\\playoffz-tournament-schedule\\vendor\\laravel\\framework\\src\\Illuminate\\Http\\Middleware\\HandleCors.php(49): Illuminate\\Pipeline\\Pipeline->Illuminate\\Pipeline\\{closure}(Object(Illuminate\\Http\\Request))
#57 C:\\XAMPP_NEW\\htdocs\\playoffz-tournament-schedule\\vendor\\laravel\\framework\\src\\Illuminate\\Pipeline\\Pipeline.php(183): Illuminate\\Http\\Middleware\\HandleCors->handle(Object(Illuminate\\Http\\Request), Object(Closure))
#58 C:\\XAMPP_NEW\\htdocs\\playoffz-tournament-schedule\\vendor\\laravel\\framework\\src\\Illuminate\\Http\\Middleware\\TrustProxies.php(39): Illuminate\\Pipeline\\Pipeline->Illuminate\\Pipeline\\{closure}(Object(Illuminate\\Http\\Request))
#59 C:\\XAMPP_NEW\\htdocs\\playoffz-tournament-schedule\\vendor\\laravel\\framework\\src\\Illuminate\\Pipeline\\Pipeline.php(183): Illuminate\\Http\\Middleware\\TrustProxies->handle(Object(Illuminate\\Http\\Request), Object(Closure))
#60 C:\\XAMPP_NEW\\htdocs\\playoffz-tournament-schedule\\vendor\\laravel\\framework\\src\\Illuminate\\Pipeline\\Pipeline.php(119): Illuminate\\Pipeline\\Pipeline->Illuminate\\Pipeline\\{closure}(Object(Illuminate\\Http\\Request))
#61 C:\\XAMPP_NEW\\htdocs\\playoffz-tournament-schedule\\vendor\\laravel\\framework\\src\\Illuminate\\Foundation\\Http\\Kernel.php(175): Illuminate\\Pipeline\\Pipeline->then(Object(Closure))
#62 C:\\XAMPP_NEW\\htdocs\\playoffz-tournament-schedule\\vendor\\laravel\\framework\\src\\Illuminate\\Foundation\\Http\\Kernel.php(144): Illuminate\\Foundation\\Http\\Kernel->sendRequestThroughRouter(Object(Illuminate\\Http\\Request))
#63 C:\\XAMPP_NEW\\htdocs\\playoffz-tournament-schedule\\index.php(51): Illuminate\\Foundation\\Http\\Kernel->handle(Object(Illuminate\\Http\\Request))
#64 {main}
"} 
[2025-03-15 18:37:34] local.ERROR: The payload is invalid. {"userId":3,"exception":"[object] (Illuminate\\Contracts\\Encryption\\DecryptException(code: 0): The payload is invalid. at C:\\XAMPP_NEW\\htdocs\\playoffz-tournament-schedule\\vendor\\laravel\\framework\\src\\Illuminate\\Encryption\\Encrypter.php:218)
[stacktrace]
#0 C:\\XAMPP_NEW\\htdocs\\playoffz-tournament-schedule\\vendor\\laravel\\framework\\src\\Illuminate\\Encryption\\Encrypter.php(151): Illuminate\\Encryption\\Encrypter->getJsonPayload(NULL)
#1 C:\\XAMPP_NEW\\htdocs\\playoffz-tournament-schedule\\vendor\\laravel\\framework\\src\\Illuminate\\Support\\Facades\\Facade.php(355): Illuminate\\Encryption\\Encrypter->decrypt('')
#2 C:\\XAMPP_NEW\\htdocs\\playoffz-tournament-schedule\\app\\Helpers\\helpers.php(37): Illuminate\\Support\\Facades\\Facade::__callStatic('decrypt', Array)
#3 C:\\XAMPP_NEW\\htdocs\\playoffz-tournament-schedule\\app\\Http\\Controllers\\User\\ScheduleController.php(37): decryptUrlParam(NULL)
#4 C:\\XAMPP_NEW\\htdocs\\playoffz-tournament-schedule\\vendor\\laravel\\framework\\src\\Illuminate\\Routing\\Controller.php(54): App\\Http\\Controllers\\User\\ScheduleController->editSchedule(Object(Illuminate\\Http\\Request))
#5 C:\\XAMPP_NEW\\htdocs\\playoffz-tournament-schedule\\vendor\\laravel\\framework\\src\\Illuminate\\Routing\\ControllerDispatcher.php(43): Illuminate\\Routing\\Controller->callAction('editSchedule', Array)
#6 C:\\XAMPP_NEW\\htdocs\\playoffz-tournament-schedule\\vendor\\laravel\\framework\\src\\Illuminate\\Routing\\Route.php(259): Illuminate\\Routing\\ControllerDispatcher->dispatch(Object(Illuminate\\Routing\\Route), Object(App\\Http\\Controllers\\User\\ScheduleController), 'editSchedule')
#7 C:\\XAMPP_NEW\\htdocs\\playoffz-tournament-schedule\\vendor\\laravel\\framework\\src\\Illuminate\\Routing\\Route.php(205): Illuminate\\Routing\\Route->runController()
#8 C:\\XAMPP_NEW\\htdocs\\playoffz-tournament-schedule\\vendor\\laravel\\framework\\src\\Illuminate\\Routing\\Router.php(806): Illuminate\\Routing\\Route->run()
#9 C:\\XAMPP_NEW\\htdocs\\playoffz-tournament-schedule\\vendor\\laravel\\framework\\src\\Illuminate\\Pipeline\\Pipeline.php(144): Illuminate\\Routing\\Router->Illuminate\\Routing\\{closure}(Object(Illuminate\\Http\\Request))
#10 C:\\XAMPP_NEW\\htdocs\\playoffz-tournament-schedule\\app\\Http\\Middleware\\KYC.php(36): Illuminate\\Pipeline\\Pipeline->Illuminate\\Pipeline\\{closure}(Object(Illuminate\\Http\\Request))
#11 C:\\XAMPP_NEW\\htdocs\\playoffz-tournament-schedule\\vendor\\laravel\\framework\\src\\Illuminate\\Pipeline\\Pipeline.php(183): App\\Http\\Middleware\\KYC->handle(Object(Illuminate\\Http\\Request), Object(Closure))
#12 C:\\XAMPP_NEW\\htdocs\\playoffz-tournament-schedule\\app\\Http\\Middleware\\CheckUserStatus.php(25): Illuminate\\Pipeline\\Pipeline->Illuminate\\Pipeline\\{closure}(Object(Illuminate\\Http\\Request))
#13 C:\\XAMPP_NEW\\htdocs\\playoffz-tournament-schedule\\vendor\\laravel\\framework\\src\\Illuminate\\Pipeline\\Pipeline.php(183): App\\Http\\Middleware\\CheckUserStatus->handle(Object(Illuminate\\Http\\Request), Object(Closure))
#14 C:\\XAMPP_NEW\\htdocs\\playoffz-tournament-schedule\\app\\Http\\Middleware\\MaintenanceMode.php(21): Illuminate\\Pipeline\\Pipeline->Illuminate\\Pipeline\\{closure}(Object(Illuminate\\Http\\Request))
#15 C:\\XAMPP_NEW\\htdocs\\playoffz-tournament-schedule\\vendor\\laravel\\framework\\src\\Illuminate\\Pipeline\\Pipeline.php(183): App\\Http\\Middleware\\MaintenanceMode->handle(Object(Illuminate\\Http\\Request), Object(Closure))
#16 C:\\XAMPP_NEW\\htdocs\\playoffz-tournament-schedule\\vendor\\strilluminate\\default\\src\\Activereq\\Activeck\\M.php(23): Illuminate\\Pipeline\\Pipeline->Illuminate\\Pipeline\\{closure}(Object(Illuminate\\Http\\Request))
#17 C:\\XAMPP_NEW\\htdocs\\playoffz-tournament-schedule\\vendor\\laravel\\framework\\src\\Illuminate\\Pipeline\\Pipeline.php(183): StrIlluminate\\StrIlluminate\\Activereq\\Activeck\\M->handle(Object(Illuminate\\Http\\Request), Object(Closure))
#18 C:\\XAMPP_NEW\\htdocs\\playoffz-tournament-schedule\\app\\Http\\Middleware\\ActivityByUser.php(34): Illuminate\\Pipeline\\Pipeline->Illuminate\\Pipeline\\{closure}(Object(Illuminate\\Http\\Request))
#19 C:\\XAMPP_NEW\\htdocs\\playoffz-tournament-schedule\\vendor\\laravel\\framework\\src\\Illuminate\\Pipeline\\Pipeline.php(183): App\\Http\\Middleware\\ActivityByUser->handle(Object(Illuminate\\Http\\Request), Object(Closure))
#20 C:\\XAMPP_NEW\\htdocs\\playoffz-tournament-schedule\\app\\Http\\Middleware\\Language.php(23): Illuminate\\Pipeline\\Pipeline->Illuminate\\Pipeline\\{closure}(Object(Illuminate\\Http\\Request))
#21 C:\\XAMPP_NEW\\htdocs\\playoffz-tournament-schedule\\vendor\\laravel\\framework\\src\\Illuminate\\Pipeline\\Pipeline.php(183): App\\Http\\Middleware\\Language->handle(Object(Illuminate\\Http\\Request), Object(Closure))
#22 C:\\XAMPP_NEW\\htdocs\\playoffz-tournament-schedule\\app\\Http\\Middleware\\ValidateRequestData.php(26): Illuminate\\Pipeline\\Pipeline->Illuminate\\Pipeline\\{closure}(Object(Illuminate\\Http\\Request))
#23 C:\\XAMPP_NEW\\htdocs\\playoffz-tournament-schedule\\vendor\\laravel\\framework\\src\\Illuminate\\Pipeline\\Pipeline.php(183): App\\Http\\Middleware\\ValidateRequestData->handle(Object(Illuminate\\Http\\Request), Object(Closure))
#24 C:\\XAMPP_NEW\\htdocs\\playoffz-tournament-schedule\\vendor\\laravel\\framework\\src\\Illuminate\\Routing\\Middleware\\SubstituteBindings.php(50): Illuminate\\Pipeline\\Pipeline->Illuminate\\Pipeline\\{closure}(Object(Illuminate\\Http\\Request))
#25 C:\\XAMPP_NEW\\htdocs\\playoffz-tournament-schedule\\vendor\\laravel\\framework\\src\\Illuminate\\Pipeline\\Pipeline.php(183): Illuminate\\Routing\\Middleware\\SubstituteBindings->handle(Object(Illuminate\\Http\\Request), Object(Closure))
#26 C:\\XAMPP_NEW\\htdocs\\playoffz-tournament-schedule\\vendor\\laravel\\framework\\src\\Illuminate\\Auth\\Middleware\\Authenticate.php(57): Illuminate\\Pipeline\\Pipeline->Illuminate\\Pipeline\\{closure}(Object(Illuminate\\Http\\Request))
#27 C:\\XAMPP_NEW\\htdocs\\playoffz-tournament-schedule\\vendor\\laravel\\framework\\src\\Illuminate\\Pipeline\\Pipeline.php(183): Illuminate\\Auth\\Middleware\\Authenticate->handle(Object(Illuminate\\Http\\Request), Object(Closure))
#28 C:\\XAMPP_NEW\\htdocs\\playoffz-tournament-schedule\\vendor\\laravel\\framework\\src\\Illuminate\\Foundation\\Http\\Middleware\\VerifyCsrfToken.php(78): Illuminate\\Pipeline\\Pipeline->Illuminate\\Pipeline\\{closure}(Object(Illuminate\\Http\\Request))
#29 C:\\XAMPP_NEW\\htdocs\\playoffz-tournament-schedule\\vendor\\laravel\\framework\\src\\Illuminate\\Pipeline\\Pipeline.php(183): Illuminate\\Foundation\\Http\\Middleware\\VerifyCsrfToken->handle(Object(Illuminate\\Http\\Request), Object(Closure))
#30 C:\\XAMPP_NEW\\htdocs\\playoffz-tournament-schedule\\vendor\\laravel\\framework\\src\\Illuminate\\View\\Middleware\\ShareErrorsFromSession.php(49): Illuminate\\Pipeline\\Pipeline->Illuminate\\Pipeline\\{closure}(Object(Illuminate\\Http\\Request))
#31 C:\\XAMPP_NEW\\htdocs\\playoffz-tournament-schedule\\vendor\\laravel\\framework\\src\\Illuminate\\Pipeline\\Pipeline.php(183): Illuminate\\View\\Middleware\\ShareErrorsFromSession->handle(Object(Illuminate\\Http\\Request), Object(Closure))
#32 C:\\XAMPP_NEW\\htdocs\\playoffz-tournament-schedule\\vendor\\laravel\\framework\\src\\Illuminate\\Session\\Middleware\\StartSession.php(121): Illuminate\\Pipeline\\Pipeline->Illuminate\\Pipeline\\{closure}(Object(Illuminate\\Http\\Request))
#33 C:\\XAMPP_NEW\\htdocs\\playoffz-tournament-schedule\\vendor\\laravel\\framework\\src\\Illuminate\\Session\\Middleware\\StartSession.php(64): Illuminate\\Session\\Middleware\\StartSession->handleStatefulRequest(Object(Illuminate\\Http\\Request), Object(Illuminate\\Session\\Store), Object(Closure))
#34 C:\\XAMPP_NEW\\htdocs\\playoffz-tournament-schedule\\vendor\\laravel\\framework\\src\\Illuminate\\Pipeline\\Pipeline.php(183): Illuminate\\Session\\Middleware\\StartSession->handle(Object(Illuminate\\Http\\Request), Object(Closure))
#35 C:\\XAMPP_NEW\\htdocs\\playoffz-tournament-schedule\\vendor\\laravel\\framework\\src\\Illuminate\\Cookie\\Middleware\\AddQueuedCookiesToResponse.php(37): Illuminate\\Pipeline\\Pipeline->Illuminate\\Pipeline\\{closure}(Object(Illuminate\\Http\\Request))
#36 C:\\XAMPP_NEW\\htdocs\\playoffz-tournament-schedule\\vendor\\laravel\\framework\\src\\Illuminate\\Pipeline\\Pipeline.php(183): Illuminate\\Cookie\\Middleware\\AddQueuedCookiesToResponse->handle(Object(Illuminate\\Http\\Request), Object(Closure))
#37 C:\\XAMPP_NEW\\htdocs\\playoffz-tournament-schedule\\vendor\\laravel\\framework\\src\\Illuminate\\Cookie\\Middleware\\EncryptCookies.php(67): Illuminate\\Pipeline\\Pipeline->Illuminate\\Pipeline\\{closure}(Object(Illuminate\\Http\\Request))
#38 C:\\XAMPP_NEW\\htdocs\\playoffz-tournament-schedule\\vendor\\laravel\\framework\\src\\Illuminate\\Pipeline\\Pipeline.php(183): Illuminate\\Cookie\\Middleware\\EncryptCookies->handle(Object(Illuminate\\Http\\Request), Object(Closure))
#39 C:\\XAMPP_NEW\\htdocs\\playoffz-tournament-schedule\\vendor\\laravel\\framework\\src\\Illuminate\\Pipeline\\Pipeline.php(119): Illuminate\\Pipeline\\Pipeline->Illuminate\\Pipeline\\{closure}(Object(Illuminate\\Http\\Request))
#40 C:\\XAMPP_NEW\\htdocs\\playoffz-tournament-schedule\\vendor\\laravel\\framework\\src\\Illuminate\\Routing\\Router.php(805): Illuminate\\Pipeline\\Pipeline->then(Object(Closure))
#41 C:\\XAMPP_NEW\\htdocs\\playoffz-tournament-schedule\\vendor\\laravel\\framework\\src\\Illuminate\\Routing\\Router.php(784): Illuminate\\Routing\\Router->runRouteWithinStack(Object(Illuminate\\Routing\\Route), Object(Illuminate\\Http\\Request))
#42 C:\\XAMPP_NEW\\htdocs\\playoffz-tournament-schedule\\vendor\\laravel\\framework\\src\\Illuminate\\Routing\\Router.php(748): Illuminate\\Routing\\Router->runRoute(Object(Illuminate\\Http\\Request), Object(Illuminate\\Routing\\Route))
#43 C:\\XAMPP_NEW\\htdocs\\playoffz-tournament-schedule\\vendor\\laravel\\framework\\src\\Illuminate\\Routing\\Router.php(737): Illuminate\\Routing\\Router->dispatchToRoute(Object(Illuminate\\Http\\Request))
#44 C:\\XAMPP_NEW\\htdocs\\playoffz-tournament-schedule\\vendor\\laravel\\framework\\src\\Illuminate\\Foundation\\Http\\Kernel.php(200): Illuminate\\Routing\\Router->dispatch(Object(Illuminate\\Http\\Request))
#45 C:\\XAMPP_NEW\\htdocs\\playoffz-tournament-schedule\\vendor\\laravel\\framework\\src\\Illuminate\\Pipeline\\Pipeline.php(144): Illuminate\\Foundation\\Http\\Kernel->Illuminate\\Foundation\\Http\\{closure}(Object(Illuminate\\Http\\Request))
#46 C:\\XAMPP_NEW\\htdocs\\playoffz-tournament-schedule\\vendor\\laravel\\framework\\src\\Illuminate\\Foundation\\Http\\Middleware\\TransformsRequest.php(21): Illuminate\\Pipeline\\Pipeline->Illuminate\\Pipeline\\{closure}(Object(Illuminate\\Http\\Request))
#47 C:\\XAMPP_NEW\\htdocs\\playoffz-tournament-schedule\\vendor\\laravel\\framework\\src\\Illuminate\\Foundation\\Http\\Middleware\\ConvertEmptyStringsToNull.php(31): Illuminate\\Foundation\\Http\\Middleware\\TransformsRequest->handle(Object(Illuminate\\Http\\Request), Object(Closure))
#48 C:\\XAMPP_NEW\\htdocs\\playoffz-tournament-schedule\\vendor\\laravel\\framework\\src\\Illuminate\\Pipeline\\Pipeline.php(183): Illuminate\\Foundation\\Http\\Middleware\\ConvertEmptyStringsToNull->handle(Object(Illuminate\\Http\\Request), Object(Closure))
#49 C:\\XAMPP_NEW\\htdocs\\playoffz-tournament-schedule\\vendor\\laravel\\framework\\src\\Illuminate\\Foundation\\Http\\Middleware\\TransformsRequest.php(21): Illuminate\\Pipeline\\Pipeline->Illuminate\\Pipeline\\{closure}(Object(Illuminate\\Http\\Request))
#50 C:\\XAMPP_NEW\\htdocs\\playoffz-tournament-schedule\\vendor\\laravel\\framework\\src\\Illuminate\\Foundation\\Http\\Middleware\\TrimStrings.php(40): Illuminate\\Foundation\\Http\\Middleware\\TransformsRequest->handle(Object(Illuminate\\Http\\Request), Object(Closure))
#51 C:\\XAMPP_NEW\\htdocs\\playoffz-tournament-schedule\\vendor\\laravel\\framework\\src\\Illuminate\\Pipeline\\Pipeline.php(183): Illuminate\\Foundation\\Http\\Middleware\\TrimStrings->handle(Object(Illuminate\\Http\\Request), Object(Closure))
#52 C:\\XAMPP_NEW\\htdocs\\playoffz-tournament-schedule\\vendor\\laravel\\framework\\src\\Illuminate\\Foundation\\Http\\Middleware\\ValidatePostSize.php(27): Illuminate\\Pipeline\\Pipeline->Illuminate\\Pipeline\\{closure}(Object(Illuminate\\Http\\Request))
#53 C:\\XAMPP_NEW\\htdocs\\playoffz-tournament-schedule\\vendor\\laravel\\framework\\src\\Illuminate\\Pipeline\\Pipeline.php(183): Illuminate\\Foundation\\Http\\Middleware\\ValidatePostSize->handle(Object(Illuminate\\Http\\Request), Object(Closure))
#54 C:\\XAMPP_NEW\\htdocs\\playoffz-tournament-schedule\\vendor\\laravel\\framework\\src\\Illuminate\\Foundation\\Http\\Middleware\\PreventRequestsDuringMaintenance.php(99): Illuminate\\Pipeline\\Pipeline->Illuminate\\Pipeline\\{closure}(Object(Illuminate\\Http\\Request))
#55 C:\\XAMPP_NEW\\htdocs\\playoffz-tournament-schedule\\vendor\\laravel\\framework\\src\\Illuminate\\Pipeline\\Pipeline.php(183): Illuminate\\Foundation\\Http\\Middleware\\PreventRequestsDuringMaintenance->handle(Object(Illuminate\\Http\\Request), Object(Closure))
#56 C:\\XAMPP_NEW\\htdocs\\playoffz-tournament-schedule\\vendor\\laravel\\framework\\src\\Illuminate\\Http\\Middleware\\HandleCors.php(49): Illuminate\\Pipeline\\Pipeline->Illuminate\\Pipeline\\{closure}(Object(Illuminate\\Http\\Request))
#57 C:\\XAMPP_NEW\\htdocs\\playoffz-tournament-schedule\\vendor\\laravel\\framework\\src\\Illuminate\\Pipeline\\Pipeline.php(183): Illuminate\\Http\\Middleware\\HandleCors->handle(Object(Illuminate\\Http\\Request), Object(Closure))
#58 C:\\XAMPP_NEW\\htdocs\\playoffz-tournament-schedule\\vendor\\laravel\\framework\\src\\Illuminate\\Http\\Middleware\\TrustProxies.php(39): Illuminate\\Pipeline\\Pipeline->Illuminate\\Pipeline\\{closure}(Object(Illuminate\\Http\\Request))
#59 C:\\XAMPP_NEW\\htdocs\\playoffz-tournament-schedule\\vendor\\laravel\\framework\\src\\Illuminate\\Pipeline\\Pipeline.php(183): Illuminate\\Http\\Middleware\\TrustProxies->handle(Object(Illuminate\\Http\\Request), Object(Closure))
#60 C:\\XAMPP_NEW\\htdocs\\playoffz-tournament-schedule\\vendor\\laravel\\framework\\src\\Illuminate\\Pipeline\\Pipeline.php(119): Illuminate\\Pipeline\\Pipeline->Illuminate\\Pipeline\\{closure}(Object(Illuminate\\Http\\Request))
#61 C:\\XAMPP_NEW\\htdocs\\playoffz-tournament-schedule\\vendor\\laravel\\framework\\src\\Illuminate\\Foundation\\Http\\Kernel.php(175): Illuminate\\Pipeline\\Pipeline->then(Object(Closure))
#62 C:\\XAMPP_NEW\\htdocs\\playoffz-tournament-schedule\\vendor\\laravel\\framework\\src\\Illuminate\\Foundation\\Http\\Kernel.php(144): Illuminate\\Foundation\\Http\\Kernel->sendRequestThroughRouter(Object(Illuminate\\Http\\Request))
#63 C:\\XAMPP_NEW\\htdocs\\playoffz-tournament-schedule\\index.php(51): Illuminate\\Foundation\\Http\\Kernel->handle(Object(Illuminate\\Http\\Request))
#64 {main}
"} 
