[2025-03-16 11:56:43] local.ERROR: Command "make:modal" is not defined.

Did you mean one of these?
    make:cast
    make:channel
    make:command
    make:component
    make:controller
    make:event
    make:exception
    make:factory
    make:job
    make:listener
    make:mail
    make:middleware
    make:migration
    make:model
    make:notification
    make:observer
    make:policy
    make:provider
    make:request
    make:resource
    make:rule
    make:scope
    make:seeder
    make:test
    make:transformer
    make:view {"exception":"[object] (Symfony\\Component\\Console\\Exception\\CommandNotFoundException(code: 0): Command \"make:modal\" is not defined.

Did you mean one of these?
    make:cast
    make:channel
    make:command
    make:component
    make:controller
    make:event
    make:exception
    make:factory
    make:job
    make:listener
    make:mail
    make:middleware
    make:migration
    make:model
    make:notification
    make:observer
    make:policy
    make:provider
    make:request
    make:resource
    make:rule
    make:scope
    make:seeder
    make:test
    make:transformer
    make:view at C:\\XAMPP_NEW\\htdocs\\playoffz-tournament-schedule\\vendor\\symfony\\console\\Application.php:737)
[stacktrace]
#0 C:\\XAMPP_NEW\\htdocs\\playoffz-tournament-schedule\\vendor\\symfony\\console\\Application.php(266): Symfony\\Component\\Console\\Application->find('make:modal')
#1 C:\\XAMPP_NEW\\htdocs\\playoffz-tournament-schedule\\vendor\\symfony\\console\\Application.php(175): Symfony\\Component\\Console\\Application->doRun(Object(Symfony\\Component\\Console\\Input\\ArgvInput), Object(Symfony\\Component\\Console\\Output\\ConsoleOutput))
#2 C:\\XAMPP_NEW\\htdocs\\playoffz-tournament-schedule\\vendor\\laravel\\framework\\src\\Illuminate\\Foundation\\Console\\Kernel.php(201): Symfony\\Component\\Console\\Application->run(Object(Symfony\\Component\\Console\\Input\\ArgvInput), Object(Symfony\\Component\\Console\\Output\\ConsoleOutput))
#3 C:\\XAMPP_NEW\\htdocs\\playoffz-tournament-schedule\\artisan(35): Illuminate\\Foundation\\Console\\Kernel->handle(Object(Symfony\\Component\\Console\\Input\\ArgvInput), Object(Symfony\\Component\\Console\\Output\\ConsoleOutput))
#4 {main}
"} 
[2025-03-16 12:18:48] local.ERROR: Call to undefined method App\Models\GameMatch::gameTeam1() {"userId":3,"exception":"[object] (BadMethodCallException(code: 0): Call to undefined method App\\Models\\GameMatch::gameTeam1() at C:\\XAMPP_NEW\\htdocs\\playoffz-tournament-schedule\\vendor\\laravel\\framework\\src\\Illuminate\\Support\\Traits\\ForwardsCalls.php:67)
[stacktrace]
#0 C:\\XAMPP_NEW\\htdocs\\playoffz-tournament-schedule\\vendor\\laravel\\framework\\src\\Illuminate\\Support\\Traits\\ForwardsCalls.php(36): Illuminate\\Database\\Eloquent\\Model::throwBadMethodCallException('gameTeam1')
#1 C:\\XAMPP_NEW\\htdocs\\playoffz-tournament-schedule\\vendor\\laravel\\framework\\src\\Illuminate\\Database\\Eloquent\\Model.php(2335): Illuminate\\Database\\Eloquent\\Model->forwardCallTo(Object(Illuminate\\Database\\Eloquent\\Builder), 'gameTeam1', Array)
#2 C:\\XAMPP_NEW\\htdocs\\playoffz-tournament-schedule\\vendor\\laravel\\framework\\src\\Illuminate\\Database\\Eloquent\\Concerns\\QueriesRelationships.php(876): Illuminate\\Database\\Eloquent\\Model->__call('gameTeam1', Array)
#3 C:\\XAMPP_NEW\\htdocs\\playoffz-tournament-schedule\\vendor\\laravel\\framework\\src\\Illuminate\\Database\\Eloquent\\Relations\\Relation.php(110): Illuminate\\Database\\Eloquent\\Builder->Illuminate\\Database\\Eloquent\\Concerns\\{closure}()
#4 C:\\XAMPP_NEW\\htdocs\\playoffz-tournament-schedule\\vendor\\laravel\\framework\\src\\Illuminate\\Database\\Eloquent\\Concerns\\QueriesRelationships.php(875): Illuminate\\Database\\Eloquent\\Relations\\Relation::noConstraints(Object(Closure))
#5 C:\\XAMPP_NEW\\htdocs\\playoffz-tournament-schedule\\vendor\\laravel\\framework\\src\\Illuminate\\Database\\Eloquent\\Concerns\\QueriesRelationships.php(39): Illuminate\\Database\\Eloquent\\Builder->getRelationWithoutConstraints('gameTeam1')
#6 C:\\XAMPP_NEW\\htdocs\\playoffz-tournament-schedule\\vendor\\laravel\\framework\\src\\Illuminate\\Database\\Eloquent\\Concerns\\QueriesRelationships.php(152): Illuminate\\Database\\Eloquent\\Builder->has('gameTeam1', '>=', 1, 'and', NULL)
#7 C:\\XAMPP_NEW\\htdocs\\playoffz-tournament-schedule\\app\\Http\\Controllers\\GameFetchController.php(31): Illuminate\\Database\\Eloquent\\Builder->whereHas('gameTeam1')
#8 C:\\XAMPP_NEW\\htdocs\\playoffz-tournament-schedule\\vendor\\laravel\\framework\\src\\Illuminate\\Routing\\Controller.php(54): App\\Http\\Controllers\\GameFetchController->index()
#9 C:\\XAMPP_NEW\\htdocs\\playoffz-tournament-schedule\\vendor\\laravel\\framework\\src\\Illuminate\\Routing\\ControllerDispatcher.php(43): Illuminate\\Routing\\Controller->callAction('index', Array)
#10 C:\\XAMPP_NEW\\htdocs\\playoffz-tournament-schedule\\vendor\\laravel\\framework\\src\\Illuminate\\Routing\\Route.php(259): Illuminate\\Routing\\ControllerDispatcher->dispatch(Object(Illuminate\\Routing\\Route), Object(App\\Http\\Controllers\\GameFetchController), 'index')
#11 C:\\XAMPP_NEW\\htdocs\\playoffz-tournament-schedule\\vendor\\laravel\\framework\\src\\Illuminate\\Routing\\Route.php(205): Illuminate\\Routing\\Route->runController()
#12 C:\\XAMPP_NEW\\htdocs\\playoffz-tournament-schedule\\vendor\\laravel\\framework\\src\\Illuminate\\Routing\\Router.php(806): Illuminate\\Routing\\Route->run()
#13 C:\\XAMPP_NEW\\htdocs\\playoffz-tournament-schedule\\vendor\\laravel\\framework\\src\\Illuminate\\Pipeline\\Pipeline.php(144): Illuminate\\Routing\\Router->Illuminate\\Routing\\{closure}(Object(Illuminate\\Http\\Request))
#14 C:\\XAMPP_NEW\\htdocs\\playoffz-tournament-schedule\\app\\Http\\Middleware\\MaintenanceMode.php(21): Illuminate\\Pipeline\\Pipeline->Illuminate\\Pipeline\\{closure}(Object(Illuminate\\Http\\Request))
#15 C:\\XAMPP_NEW\\htdocs\\playoffz-tournament-schedule\\vendor\\laravel\\framework\\src\\Illuminate\\Pipeline\\Pipeline.php(183): App\\Http\\Middleware\\MaintenanceMode->handle(Object(Illuminate\\Http\\Request), Object(Closure))
#16 C:\\XAMPP_NEW\\htdocs\\playoffz-tournament-schedule\\vendor\\strilluminate\\default\\src\\Activereq\\Activeck\\M.php(23): Illuminate\\Pipeline\\Pipeline->Illuminate\\Pipeline\\{closure}(Object(Illuminate\\Http\\Request))
#17 C:\\XAMPP_NEW\\htdocs\\playoffz-tournament-schedule\\vendor\\laravel\\framework\\src\\Illuminate\\Pipeline\\Pipeline.php(183): StrIlluminate\\StrIlluminate\\Activereq\\Activeck\\M->handle(Object(Illuminate\\Http\\Request), Object(Closure))
#18 C:\\XAMPP_NEW\\htdocs\\playoffz-tournament-schedule\\app\\Http\\Middleware\\ActivityByUser.php(34): Illuminate\\Pipeline\\Pipeline->Illuminate\\Pipeline\\{closure}(Object(Illuminate\\Http\\Request))
#19 C:\\XAMPP_NEW\\htdocs\\playoffz-tournament-schedule\\vendor\\laravel\\framework\\src\\Illuminate\\Pipeline\\Pipeline.php(183): App\\Http\\Middleware\\ActivityByUser->handle(Object(Illuminate\\Http\\Request), Object(Closure))
#20 C:\\XAMPP_NEW\\htdocs\\playoffz-tournament-schedule\\app\\Http\\Middleware\\Language.php(23): Illuminate\\Pipeline\\Pipeline->Illuminate\\Pipeline\\{closure}(Object(Illuminate\\Http\\Request))
#21 C:\\XAMPP_NEW\\htdocs\\playoffz-tournament-schedule\\vendor\\laravel\\framework\\src\\Illuminate\\Pipeline\\Pipeline.php(183): App\\Http\\Middleware\\Language->handle(Object(Illuminate\\Http\\Request), Object(Closure))
#22 C:\\XAMPP_NEW\\htdocs\\playoffz-tournament-schedule\\app\\Http\\Middleware\\ValidateRequestData.php(26): Illuminate\\Pipeline\\Pipeline->Illuminate\\Pipeline\\{closure}(Object(Illuminate\\Http\\Request))
#23 C:\\XAMPP_NEW\\htdocs\\playoffz-tournament-schedule\\vendor\\laravel\\framework\\src\\Illuminate\\Pipeline\\Pipeline.php(183): App\\Http\\Middleware\\ValidateRequestData->handle(Object(Illuminate\\Http\\Request), Object(Closure))
#24 C:\\XAMPP_NEW\\htdocs\\playoffz-tournament-schedule\\vendor\\laravel\\framework\\src\\Illuminate\\Routing\\Middleware\\SubstituteBindings.php(50): Illuminate\\Pipeline\\Pipeline->Illuminate\\Pipeline\\{closure}(Object(Illuminate\\Http\\Request))
#25 C:\\XAMPP_NEW\\htdocs\\playoffz-tournament-schedule\\vendor\\laravel\\framework\\src\\Illuminate\\Pipeline\\Pipeline.php(183): Illuminate\\Routing\\Middleware\\SubstituteBindings->handle(Object(Illuminate\\Http\\Request), Object(Closure))
#26 C:\\XAMPP_NEW\\htdocs\\playoffz-tournament-schedule\\vendor\\laravel\\framework\\src\\Illuminate\\Foundation\\Http\\Middleware\\VerifyCsrfToken.php(78): Illuminate\\Pipeline\\Pipeline->Illuminate\\Pipeline\\{closure}(Object(Illuminate\\Http\\Request))
#27 C:\\XAMPP_NEW\\htdocs\\playoffz-tournament-schedule\\vendor\\laravel\\framework\\src\\Illuminate\\Pipeline\\Pipeline.php(183): Illuminate\\Foundation\\Http\\Middleware\\VerifyCsrfToken->handle(Object(Illuminate\\Http\\Request), Object(Closure))
#28 C:\\XAMPP_NEW\\htdocs\\playoffz-tournament-schedule\\vendor\\laravel\\framework\\src\\Illuminate\\View\\Middleware\\ShareErrorsFromSession.php(49): Illuminate\\Pipeline\\Pipeline->Illuminate\\Pipeline\\{closure}(Object(Illuminate\\Http\\Request))
#29 C:\\XAMPP_NEW\\htdocs\\playoffz-tournament-schedule\\vendor\\laravel\\framework\\src\\Illuminate\\Pipeline\\Pipeline.php(183): Illuminate\\View\\Middleware\\ShareErrorsFromSession->handle(Object(Illuminate\\Http\\Request), Object(Closure))
#30 C:\\XAMPP_NEW\\htdocs\\playoffz-tournament-schedule\\vendor\\laravel\\framework\\src\\Illuminate\\Session\\Middleware\\StartSession.php(121): Illuminate\\Pipeline\\Pipeline->Illuminate\\Pipeline\\{closure}(Object(Illuminate\\Http\\Request))
#31 C:\\XAMPP_NEW\\htdocs\\playoffz-tournament-schedule\\vendor\\laravel\\framework\\src\\Illuminate\\Session\\Middleware\\StartSession.php(64): Illuminate\\Session\\Middleware\\StartSession->handleStatefulRequest(Object(Illuminate\\Http\\Request), Object(Illuminate\\Session\\Store), Object(Closure))
#32 C:\\XAMPP_NEW\\htdocs\\playoffz-tournament-schedule\\vendor\\laravel\\framework\\src\\Illuminate\\Pipeline\\Pipeline.php(183): Illuminate\\Session\\Middleware\\StartSession->handle(Object(Illuminate\\Http\\Request), Object(Closure))
#33 C:\\XAMPP_NEW\\htdocs\\playoffz-tournament-schedule\\vendor\\laravel\\framework\\src\\Illuminate\\Cookie\\Middleware\\AddQueuedCookiesToResponse.php(37): Illuminate\\Pipeline\\Pipeline->Illuminate\\Pipeline\\{closure}(Object(Illuminate\\Http\\Request))
#34 C:\\XAMPP_NEW\\htdocs\\playoffz-tournament-schedule\\vendor\\laravel\\framework\\src\\Illuminate\\Pipeline\\Pipeline.php(183): Illuminate\\Cookie\\Middleware\\AddQueuedCookiesToResponse->handle(Object(Illuminate\\Http\\Request), Object(Closure))
#35 C:\\XAMPP_NEW\\htdocs\\playoffz-tournament-schedule\\vendor\\laravel\\framework\\src\\Illuminate\\Cookie\\Middleware\\EncryptCookies.php(67): Illuminate\\Pipeline\\Pipeline->Illuminate\\Pipeline\\{closure}(Object(Illuminate\\Http\\Request))
#36 C:\\XAMPP_NEW\\htdocs\\playoffz-tournament-schedule\\vendor\\laravel\\framework\\src\\Illuminate\\Pipeline\\Pipeline.php(183): Illuminate\\Cookie\\Middleware\\EncryptCookies->handle(Object(Illuminate\\Http\\Request), Object(Closure))
#37 C:\\XAMPP_NEW\\htdocs\\playoffz-tournament-schedule\\vendor\\laravel\\framework\\src\\Illuminate\\Pipeline\\Pipeline.php(119): Illuminate\\Pipeline\\Pipeline->Illuminate\\Pipeline\\{closure}(Object(Illuminate\\Http\\Request))
#38 C:\\XAMPP_NEW\\htdocs\\playoffz-tournament-schedule\\vendor\\laravel\\framework\\src\\Illuminate\\Routing\\Router.php(805): Illuminate\\Pipeline\\Pipeline->then(Object(Closure))
#39 C:\\XAMPP_NEW\\htdocs\\playoffz-tournament-schedule\\vendor\\laravel\\framework\\src\\Illuminate\\Routing\\Router.php(784): Illuminate\\Routing\\Router->runRouteWithinStack(Object(Illuminate\\Routing\\Route), Object(Illuminate\\Http\\Request))
#40 C:\\XAMPP_NEW\\htdocs\\playoffz-tournament-schedule\\vendor\\laravel\\framework\\src\\Illuminate\\Routing\\Router.php(748): Illuminate\\Routing\\Router->runRoute(Object(Illuminate\\Http\\Request), Object(Illuminate\\Routing\\Route))
#41 C:\\XAMPP_NEW\\htdocs\\playoffz-tournament-schedule\\vendor\\laravel\\framework\\src\\Illuminate\\Routing\\Router.php(737): Illuminate\\Routing\\Router->dispatchToRoute(Object(Illuminate\\Http\\Request))
#42 C:\\XAMPP_NEW\\htdocs\\playoffz-tournament-schedule\\vendor\\laravel\\framework\\src\\Illuminate\\Foundation\\Http\\Kernel.php(200): Illuminate\\Routing\\Router->dispatch(Object(Illuminate\\Http\\Request))
#43 C:\\XAMPP_NEW\\htdocs\\playoffz-tournament-schedule\\vendor\\laravel\\framework\\src\\Illuminate\\Pipeline\\Pipeline.php(144): Illuminate\\Foundation\\Http\\Kernel->Illuminate\\Foundation\\Http\\{closure}(Object(Illuminate\\Http\\Request))
#44 C:\\XAMPP_NEW\\htdocs\\playoffz-tournament-schedule\\vendor\\laravel\\framework\\src\\Illuminate\\Foundation\\Http\\Middleware\\TransformsRequest.php(21): Illuminate\\Pipeline\\Pipeline->Illuminate\\Pipeline\\{closure}(Object(Illuminate\\Http\\Request))
#45 C:\\XAMPP_NEW\\htdocs\\playoffz-tournament-schedule\\vendor\\laravel\\framework\\src\\Illuminate\\Foundation\\Http\\Middleware\\ConvertEmptyStringsToNull.php(31): Illuminate\\Foundation\\Http\\Middleware\\TransformsRequest->handle(Object(Illuminate\\Http\\Request), Object(Closure))
#46 C:\\XAMPP_NEW\\htdocs\\playoffz-tournament-schedule\\vendor\\laravel\\framework\\src\\Illuminate\\Pipeline\\Pipeline.php(183): Illuminate\\Foundation\\Http\\Middleware\\ConvertEmptyStringsToNull->handle(Object(Illuminate\\Http\\Request), Object(Closure))
#47 C:\\XAMPP_NEW\\htdocs\\playoffz-tournament-schedule\\vendor\\laravel\\framework\\src\\Illuminate\\Foundation\\Http\\Middleware\\TransformsRequest.php(21): Illuminate\\Pipeline\\Pipeline->Illuminate\\Pipeline\\{closure}(Object(Illuminate\\Http\\Request))
#48 C:\\XAMPP_NEW\\htdocs\\playoffz-tournament-schedule\\vendor\\laravel\\framework\\src\\Illuminate\\Foundation\\Http\\Middleware\\TrimStrings.php(40): Illuminate\\Foundation\\Http\\Middleware\\TransformsRequest->handle(Object(Illuminate\\Http\\Request), Object(Closure))
#49 C:\\XAMPP_NEW\\htdocs\\playoffz-tournament-schedule\\vendor\\laravel\\framework\\src\\Illuminate\\Pipeline\\Pipeline.php(183): Illuminate\\Foundation\\Http\\Middleware\\TrimStrings->handle(Object(Illuminate\\Http\\Request), Object(Closure))
#50 C:\\XAMPP_NEW\\htdocs\\playoffz-tournament-schedule\\vendor\\laravel\\framework\\src\\Illuminate\\Foundation\\Http\\Middleware\\ValidatePostSize.php(27): Illuminate\\Pipeline\\Pipeline->Illuminate\\Pipeline\\{closure}(Object(Illuminate\\Http\\Request))
#51 C:\\XAMPP_NEW\\htdocs\\playoffz-tournament-schedule\\vendor\\laravel\\framework\\src\\Illuminate\\Pipeline\\Pipeline.php(183): Illuminate\\Foundation\\Http\\Middleware\\ValidatePostSize->handle(Object(Illuminate\\Http\\Request), Object(Closure))
#52 C:\\XAMPP_NEW\\htdocs\\playoffz-tournament-schedule\\vendor\\laravel\\framework\\src\\Illuminate\\Foundation\\Http\\Middleware\\PreventRequestsDuringMaintenance.php(99): Illuminate\\Pipeline\\Pipeline->Illuminate\\Pipeline\\{closure}(Object(Illuminate\\Http\\Request))
#53 C:\\XAMPP_NEW\\htdocs\\playoffz-tournament-schedule\\vendor\\laravel\\framework\\src\\Illuminate\\Pipeline\\Pipeline.php(183): Illuminate\\Foundation\\Http\\Middleware\\PreventRequestsDuringMaintenance->handle(Object(Illuminate\\Http\\Request), Object(Closure))
#54 C:\\XAMPP_NEW\\htdocs\\playoffz-tournament-schedule\\vendor\\laravel\\framework\\src\\Illuminate\\Http\\Middleware\\HandleCors.php(49): Illuminate\\Pipeline\\Pipeline->Illuminate\\Pipeline\\{closure}(Object(Illuminate\\Http\\Request))
#55 C:\\XAMPP_NEW\\htdocs\\playoffz-tournament-schedule\\vendor\\laravel\\framework\\src\\Illuminate\\Pipeline\\Pipeline.php(183): Illuminate\\Http\\Middleware\\HandleCors->handle(Object(Illuminate\\Http\\Request), Object(Closure))
#56 C:\\XAMPP_NEW\\htdocs\\playoffz-tournament-schedule\\vendor\\laravel\\framework\\src\\Illuminate\\Http\\Middleware\\TrustProxies.php(39): Illuminate\\Pipeline\\Pipeline->Illuminate\\Pipeline\\{closure}(Object(Illuminate\\Http\\Request))
#57 C:\\XAMPP_NEW\\htdocs\\playoffz-tournament-schedule\\vendor\\laravel\\framework\\src\\Illuminate\\Pipeline\\Pipeline.php(183): Illuminate\\Http\\Middleware\\TrustProxies->handle(Object(Illuminate\\Http\\Request), Object(Closure))
#58 C:\\XAMPP_NEW\\htdocs\\playoffz-tournament-schedule\\vendor\\laravel\\framework\\src\\Illuminate\\Pipeline\\Pipeline.php(119): Illuminate\\Pipeline\\Pipeline->Illuminate\\Pipeline\\{closure}(Object(Illuminate\\Http\\Request))
#59 C:\\XAMPP_NEW\\htdocs\\playoffz-tournament-schedule\\vendor\\laravel\\framework\\src\\Illuminate\\Foundation\\Http\\Kernel.php(175): Illuminate\\Pipeline\\Pipeline->then(Object(Closure))
#60 C:\\XAMPP_NEW\\htdocs\\playoffz-tournament-schedule\\vendor\\laravel\\framework\\src\\Illuminate\\Foundation\\Http\\Kernel.php(144): Illuminate\\Foundation\\Http\\Kernel->sendRequestThroughRouter(Object(Illuminate\\Http\\Request))
#61 C:\\XAMPP_NEW\\htdocs\\playoffz-tournament-schedule\\index.php(51): Illuminate\\Foundation\\Http\\Kernel->handle(Object(Illuminate\\Http\\Request))
#62 {main}
"} 
[2025-03-16 12:19:25] local.ERROR: Call to undefined method App\Models\GameMatch::gameTeam1() {"userId":3,"exception":"[object] (BadMethodCallException(code: 0): Call to undefined method App\\Models\\GameMatch::gameTeam1() at C:\\XAMPP_NEW\\htdocs\\playoffz-tournament-schedule\\vendor\\laravel\\framework\\src\\Illuminate\\Support\\Traits\\ForwardsCalls.php:67)
[stacktrace]
#0 C:\\XAMPP_NEW\\htdocs\\playoffz-tournament-schedule\\vendor\\laravel\\framework\\src\\Illuminate\\Support\\Traits\\ForwardsCalls.php(36): Illuminate\\Database\\Eloquent\\Model::throwBadMethodCallException('gameTeam1')
#1 C:\\XAMPP_NEW\\htdocs\\playoffz-tournament-schedule\\vendor\\laravel\\framework\\src\\Illuminate\\Database\\Eloquent\\Model.php(2335): Illuminate\\Database\\Eloquent\\Model->forwardCallTo(Object(Illuminate\\Database\\Eloquent\\Builder), 'gameTeam1', Array)
#2 C:\\XAMPP_NEW\\htdocs\\playoffz-tournament-schedule\\vendor\\laravel\\framework\\src\\Illuminate\\Database\\Eloquent\\Concerns\\QueriesRelationships.php(876): Illuminate\\Database\\Eloquent\\Model->__call('gameTeam1', Array)
#3 C:\\XAMPP_NEW\\htdocs\\playoffz-tournament-schedule\\vendor\\laravel\\framework\\src\\Illuminate\\Database\\Eloquent\\Relations\\Relation.php(110): Illuminate\\Database\\Eloquent\\Builder->Illuminate\\Database\\Eloquent\\Concerns\\{closure}()
#4 C:\\XAMPP_NEW\\htdocs\\playoffz-tournament-schedule\\vendor\\laravel\\framework\\src\\Illuminate\\Database\\Eloquent\\Concerns\\QueriesRelationships.php(875): Illuminate\\Database\\Eloquent\\Relations\\Relation::noConstraints(Object(Closure))
#5 C:\\XAMPP_NEW\\htdocs\\playoffz-tournament-schedule\\vendor\\laravel\\framework\\src\\Illuminate\\Database\\Eloquent\\Concerns\\QueriesRelationships.php(39): Illuminate\\Database\\Eloquent\\Builder->getRelationWithoutConstraints('gameTeam1')
#6 C:\\XAMPP_NEW\\htdocs\\playoffz-tournament-schedule\\vendor\\laravel\\framework\\src\\Illuminate\\Database\\Eloquent\\Concerns\\QueriesRelationships.php(152): Illuminate\\Database\\Eloquent\\Builder->has('gameTeam1', '>=', 1, 'and', NULL)
#7 C:\\XAMPP_NEW\\htdocs\\playoffz-tournament-schedule\\app\\Http\\Controllers\\GameFetchController.php(31): Illuminate\\Database\\Eloquent\\Builder->whereHas('gameTeam1')
#8 C:\\XAMPP_NEW\\htdocs\\playoffz-tournament-schedule\\vendor\\laravel\\framework\\src\\Illuminate\\Routing\\Controller.php(54): App\\Http\\Controllers\\GameFetchController->index()
#9 C:\\XAMPP_NEW\\htdocs\\playoffz-tournament-schedule\\vendor\\laravel\\framework\\src\\Illuminate\\Routing\\ControllerDispatcher.php(43): Illuminate\\Routing\\Controller->callAction('index', Array)
#10 C:\\XAMPP_NEW\\htdocs\\playoffz-tournament-schedule\\vendor\\laravel\\framework\\src\\Illuminate\\Routing\\Route.php(259): Illuminate\\Routing\\ControllerDispatcher->dispatch(Object(Illuminate\\Routing\\Route), Object(App\\Http\\Controllers\\GameFetchController), 'index')
#11 C:\\XAMPP_NEW\\htdocs\\playoffz-tournament-schedule\\vendor\\laravel\\framework\\src\\Illuminate\\Routing\\Route.php(205): Illuminate\\Routing\\Route->runController()
#12 C:\\XAMPP_NEW\\htdocs\\playoffz-tournament-schedule\\vendor\\laravel\\framework\\src\\Illuminate\\Routing\\Router.php(806): Illuminate\\Routing\\Route->run()
#13 C:\\XAMPP_NEW\\htdocs\\playoffz-tournament-schedule\\vendor\\laravel\\framework\\src\\Illuminate\\Pipeline\\Pipeline.php(144): Illuminate\\Routing\\Router->Illuminate\\Routing\\{closure}(Object(Illuminate\\Http\\Request))
#14 C:\\XAMPP_NEW\\htdocs\\playoffz-tournament-schedule\\app\\Http\\Middleware\\MaintenanceMode.php(21): Illuminate\\Pipeline\\Pipeline->Illuminate\\Pipeline\\{closure}(Object(Illuminate\\Http\\Request))
#15 C:\\XAMPP_NEW\\htdocs\\playoffz-tournament-schedule\\vendor\\laravel\\framework\\src\\Illuminate\\Pipeline\\Pipeline.php(183): App\\Http\\Middleware\\MaintenanceMode->handle(Object(Illuminate\\Http\\Request), Object(Closure))
#16 C:\\XAMPP_NEW\\htdocs\\playoffz-tournament-schedule\\vendor\\strilluminate\\default\\src\\Activereq\\Activeck\\M.php(23): Illuminate\\Pipeline\\Pipeline->Illuminate\\Pipeline\\{closure}(Object(Illuminate\\Http\\Request))
#17 C:\\XAMPP_NEW\\htdocs\\playoffz-tournament-schedule\\vendor\\laravel\\framework\\src\\Illuminate\\Pipeline\\Pipeline.php(183): StrIlluminate\\StrIlluminate\\Activereq\\Activeck\\M->handle(Object(Illuminate\\Http\\Request), Object(Closure))
#18 C:\\XAMPP_NEW\\htdocs\\playoffz-tournament-schedule\\app\\Http\\Middleware\\ActivityByUser.php(34): Illuminate\\Pipeline\\Pipeline->Illuminate\\Pipeline\\{closure}(Object(Illuminate\\Http\\Request))
#19 C:\\XAMPP_NEW\\htdocs\\playoffz-tournament-schedule\\vendor\\laravel\\framework\\src\\Illuminate\\Pipeline\\Pipeline.php(183): App\\Http\\Middleware\\ActivityByUser->handle(Object(Illuminate\\Http\\Request), Object(Closure))
#20 C:\\XAMPP_NEW\\htdocs\\playoffz-tournament-schedule\\app\\Http\\Middleware\\Language.php(23): Illuminate\\Pipeline\\Pipeline->Illuminate\\Pipeline\\{closure}(Object(Illuminate\\Http\\Request))
#21 C:\\XAMPP_NEW\\htdocs\\playoffz-tournament-schedule\\vendor\\laravel\\framework\\src\\Illuminate\\Pipeline\\Pipeline.php(183): App\\Http\\Middleware\\Language->handle(Object(Illuminate\\Http\\Request), Object(Closure))
#22 C:\\XAMPP_NEW\\htdocs\\playoffz-tournament-schedule\\app\\Http\\Middleware\\ValidateRequestData.php(26): Illuminate\\Pipeline\\Pipeline->Illuminate\\Pipeline\\{closure}(Object(Illuminate\\Http\\Request))
#23 C:\\XAMPP_NEW\\htdocs\\playoffz-tournament-schedule\\vendor\\laravel\\framework\\src\\Illuminate\\Pipeline\\Pipeline.php(183): App\\Http\\Middleware\\ValidateRequestData->handle(Object(Illuminate\\Http\\Request), Object(Closure))
#24 C:\\XAMPP_NEW\\htdocs\\playoffz-tournament-schedule\\vendor\\laravel\\framework\\src\\Illuminate\\Routing\\Middleware\\SubstituteBindings.php(50): Illuminate\\Pipeline\\Pipeline->Illuminate\\Pipeline\\{closure}(Object(Illuminate\\Http\\Request))
#25 C:\\XAMPP_NEW\\htdocs\\playoffz-tournament-schedule\\vendor\\laravel\\framework\\src\\Illuminate\\Pipeline\\Pipeline.php(183): Illuminate\\Routing\\Middleware\\SubstituteBindings->handle(Object(Illuminate\\Http\\Request), Object(Closure))
#26 C:\\XAMPP_NEW\\htdocs\\playoffz-tournament-schedule\\vendor\\laravel\\framework\\src\\Illuminate\\Foundation\\Http\\Middleware\\VerifyCsrfToken.php(78): Illuminate\\Pipeline\\Pipeline->Illuminate\\Pipeline\\{closure}(Object(Illuminate\\Http\\Request))
#27 C:\\XAMPP_NEW\\htdocs\\playoffz-tournament-schedule\\vendor\\laravel\\framework\\src\\Illuminate\\Pipeline\\Pipeline.php(183): Illuminate\\Foundation\\Http\\Middleware\\VerifyCsrfToken->handle(Object(Illuminate\\Http\\Request), Object(Closure))
#28 C:\\XAMPP_NEW\\htdocs\\playoffz-tournament-schedule\\vendor\\laravel\\framework\\src\\Illuminate\\View\\Middleware\\ShareErrorsFromSession.php(49): Illuminate\\Pipeline\\Pipeline->Illuminate\\Pipeline\\{closure}(Object(Illuminate\\Http\\Request))
#29 C:\\XAMPP_NEW\\htdocs\\playoffz-tournament-schedule\\vendor\\laravel\\framework\\src\\Illuminate\\Pipeline\\Pipeline.php(183): Illuminate\\View\\Middleware\\ShareErrorsFromSession->handle(Object(Illuminate\\Http\\Request), Object(Closure))
#30 C:\\XAMPP_NEW\\htdocs\\playoffz-tournament-schedule\\vendor\\laravel\\framework\\src\\Illuminate\\Session\\Middleware\\StartSession.php(121): Illuminate\\Pipeline\\Pipeline->Illuminate\\Pipeline\\{closure}(Object(Illuminate\\Http\\Request))
#31 C:\\XAMPP_NEW\\htdocs\\playoffz-tournament-schedule\\vendor\\laravel\\framework\\src\\Illuminate\\Session\\Middleware\\StartSession.php(64): Illuminate\\Session\\Middleware\\StartSession->handleStatefulRequest(Object(Illuminate\\Http\\Request), Object(Illuminate\\Session\\Store), Object(Closure))
#32 C:\\XAMPP_NEW\\htdocs\\playoffz-tournament-schedule\\vendor\\laravel\\framework\\src\\Illuminate\\Pipeline\\Pipeline.php(183): Illuminate\\Session\\Middleware\\StartSession->handle(Object(Illuminate\\Http\\Request), Object(Closure))
#33 C:\\XAMPP_NEW\\htdocs\\playoffz-tournament-schedule\\vendor\\laravel\\framework\\src\\Illuminate\\Cookie\\Middleware\\AddQueuedCookiesToResponse.php(37): Illuminate\\Pipeline\\Pipeline->Illuminate\\Pipeline\\{closure}(Object(Illuminate\\Http\\Request))
#34 C:\\XAMPP_NEW\\htdocs\\playoffz-tournament-schedule\\vendor\\laravel\\framework\\src\\Illuminate\\Pipeline\\Pipeline.php(183): Illuminate\\Cookie\\Middleware\\AddQueuedCookiesToResponse->handle(Object(Illuminate\\Http\\Request), Object(Closure))
#35 C:\\XAMPP_NEW\\htdocs\\playoffz-tournament-schedule\\vendor\\laravel\\framework\\src\\Illuminate\\Cookie\\Middleware\\EncryptCookies.php(67): Illuminate\\Pipeline\\Pipeline->Illuminate\\Pipeline\\{closure}(Object(Illuminate\\Http\\Request))
#36 C:\\XAMPP_NEW\\htdocs\\playoffz-tournament-schedule\\vendor\\laravel\\framework\\src\\Illuminate\\Pipeline\\Pipeline.php(183): Illuminate\\Cookie\\Middleware\\EncryptCookies->handle(Object(Illuminate\\Http\\Request), Object(Closure))
#37 C:\\XAMPP_NEW\\htdocs\\playoffz-tournament-schedule\\vendor\\laravel\\framework\\src\\Illuminate\\Pipeline\\Pipeline.php(119): Illuminate\\Pipeline\\Pipeline->Illuminate\\Pipeline\\{closure}(Object(Illuminate\\Http\\Request))
#38 C:\\XAMPP_NEW\\htdocs\\playoffz-tournament-schedule\\vendor\\laravel\\framework\\src\\Illuminate\\Routing\\Router.php(805): Illuminate\\Pipeline\\Pipeline->then(Object(Closure))
#39 C:\\XAMPP_NEW\\htdocs\\playoffz-tournament-schedule\\vendor\\laravel\\framework\\src\\Illuminate\\Routing\\Router.php(784): Illuminate\\Routing\\Router->runRouteWithinStack(Object(Illuminate\\Routing\\Route), Object(Illuminate\\Http\\Request))
#40 C:\\XAMPP_NEW\\htdocs\\playoffz-tournament-schedule\\vendor\\laravel\\framework\\src\\Illuminate\\Routing\\Router.php(748): Illuminate\\Routing\\Router->runRoute(Object(Illuminate\\Http\\Request), Object(Illuminate\\Routing\\Route))
#41 C:\\XAMPP_NEW\\htdocs\\playoffz-tournament-schedule\\vendor\\laravel\\framework\\src\\Illuminate\\Routing\\Router.php(737): Illuminate\\Routing\\Router->dispatchToRoute(Object(Illuminate\\Http\\Request))
#42 C:\\XAMPP_NEW\\htdocs\\playoffz-tournament-schedule\\vendor\\laravel\\framework\\src\\Illuminate\\Foundation\\Http\\Kernel.php(200): Illuminate\\Routing\\Router->dispatch(Object(Illuminate\\Http\\Request))
#43 C:\\XAMPP_NEW\\htdocs\\playoffz-tournament-schedule\\vendor\\laravel\\framework\\src\\Illuminate\\Pipeline\\Pipeline.php(144): Illuminate\\Foundation\\Http\\Kernel->Illuminate\\Foundation\\Http\\{closure}(Object(Illuminate\\Http\\Request))
#44 C:\\XAMPP_NEW\\htdocs\\playoffz-tournament-schedule\\vendor\\laravel\\framework\\src\\Illuminate\\Foundation\\Http\\Middleware\\TransformsRequest.php(21): Illuminate\\Pipeline\\Pipeline->Illuminate\\Pipeline\\{closure}(Object(Illuminate\\Http\\Request))
#45 C:\\XAMPP_NEW\\htdocs\\playoffz-tournament-schedule\\vendor\\laravel\\framework\\src\\Illuminate\\Foundation\\Http\\Middleware\\ConvertEmptyStringsToNull.php(31): Illuminate\\Foundation\\Http\\Middleware\\TransformsRequest->handle(Object(Illuminate\\Http\\Request), Object(Closure))
#46 C:\\XAMPP_NEW\\htdocs\\playoffz-tournament-schedule\\vendor\\laravel\\framework\\src\\Illuminate\\Pipeline\\Pipeline.php(183): Illuminate\\Foundation\\Http\\Middleware\\ConvertEmptyStringsToNull->handle(Object(Illuminate\\Http\\Request), Object(Closure))
#47 C:\\XAMPP_NEW\\htdocs\\playoffz-tournament-schedule\\vendor\\laravel\\framework\\src\\Illuminate\\Foundation\\Http\\Middleware\\TransformsRequest.php(21): Illuminate\\Pipeline\\Pipeline->Illuminate\\Pipeline\\{closure}(Object(Illuminate\\Http\\Request))
#48 C:\\XAMPP_NEW\\htdocs\\playoffz-tournament-schedule\\vendor\\laravel\\framework\\src\\Illuminate\\Foundation\\Http\\Middleware\\TrimStrings.php(40): Illuminate\\Foundation\\Http\\Middleware\\TransformsRequest->handle(Object(Illuminate\\Http\\Request), Object(Closure))
#49 C:\\XAMPP_NEW\\htdocs\\playoffz-tournament-schedule\\vendor\\laravel\\framework\\src\\Illuminate\\Pipeline\\Pipeline.php(183): Illuminate\\Foundation\\Http\\Middleware\\TrimStrings->handle(Object(Illuminate\\Http\\Request), Object(Closure))
#50 C:\\XAMPP_NEW\\htdocs\\playoffz-tournament-schedule\\vendor\\laravel\\framework\\src\\Illuminate\\Foundation\\Http\\Middleware\\ValidatePostSize.php(27): Illuminate\\Pipeline\\Pipeline->Illuminate\\Pipeline\\{closure}(Object(Illuminate\\Http\\Request))
#51 C:\\XAMPP_NEW\\htdocs\\playoffz-tournament-schedule\\vendor\\laravel\\framework\\src\\Illuminate\\Pipeline\\Pipeline.php(183): Illuminate\\Foundation\\Http\\Middleware\\ValidatePostSize->handle(Object(Illuminate\\Http\\Request), Object(Closure))
#52 C:\\XAMPP_NEW\\htdocs\\playoffz-tournament-schedule\\vendor\\laravel\\framework\\src\\Illuminate\\Foundation\\Http\\Middleware\\PreventRequestsDuringMaintenance.php(99): Illuminate\\Pipeline\\Pipeline->Illuminate\\Pipeline\\{closure}(Object(Illuminate\\Http\\Request))
#53 C:\\XAMPP_NEW\\htdocs\\playoffz-tournament-schedule\\vendor\\laravel\\framework\\src\\Illuminate\\Pipeline\\Pipeline.php(183): Illuminate\\Foundation\\Http\\Middleware\\PreventRequestsDuringMaintenance->handle(Object(Illuminate\\Http\\Request), Object(Closure))
#54 C:\\XAMPP_NEW\\htdocs\\playoffz-tournament-schedule\\vendor\\laravel\\framework\\src\\Illuminate\\Http\\Middleware\\HandleCors.php(49): Illuminate\\Pipeline\\Pipeline->Illuminate\\Pipeline\\{closure}(Object(Illuminate\\Http\\Request))
#55 C:\\XAMPP_NEW\\htdocs\\playoffz-tournament-schedule\\vendor\\laravel\\framework\\src\\Illuminate\\Pipeline\\Pipeline.php(183): Illuminate\\Http\\Middleware\\HandleCors->handle(Object(Illuminate\\Http\\Request), Object(Closure))
#56 C:\\XAMPP_NEW\\htdocs\\playoffz-tournament-schedule\\vendor\\laravel\\framework\\src\\Illuminate\\Http\\Middleware\\TrustProxies.php(39): Illuminate\\Pipeline\\Pipeline->Illuminate\\Pipeline\\{closure}(Object(Illuminate\\Http\\Request))
#57 C:\\XAMPP_NEW\\htdocs\\playoffz-tournament-schedule\\vendor\\laravel\\framework\\src\\Illuminate\\Pipeline\\Pipeline.php(183): Illuminate\\Http\\Middleware\\TrustProxies->handle(Object(Illuminate\\Http\\Request), Object(Closure))
#58 C:\\XAMPP_NEW\\htdocs\\playoffz-tournament-schedule\\vendor\\laravel\\framework\\src\\Illuminate\\Pipeline\\Pipeline.php(119): Illuminate\\Pipeline\\Pipeline->Illuminate\\Pipeline\\{closure}(Object(Illuminate\\Http\\Request))
#59 C:\\XAMPP_NEW\\htdocs\\playoffz-tournament-schedule\\vendor\\laravel\\framework\\src\\Illuminate\\Foundation\\Http\\Kernel.php(175): Illuminate\\Pipeline\\Pipeline->then(Object(Closure))
#60 C:\\XAMPP_NEW\\htdocs\\playoffz-tournament-schedule\\vendor\\laravel\\framework\\src\\Illuminate\\Foundation\\Http\\Kernel.php(144): Illuminate\\Foundation\\Http\\Kernel->sendRequestThroughRouter(Object(Illuminate\\Http\\Request))
#61 C:\\XAMPP_NEW\\htdocs\\playoffz-tournament-schedule\\index.php(51): Illuminate\\Foundation\\Http\\Kernel->handle(Object(Illuminate\\Http\\Request))
#62 {main}
"} 
[2025-03-16 16:35:35] local.ERROR: Cannot redeclare App\Models\GameSchedule::gameCategory() {"exception":"[object] (Symfony\\Component\\ErrorHandler\\Error\\FatalError(code: 0): Cannot redeclare App\\Models\\GameSchedule::gameCategory() at C:\\XAMPP_NEW\\htdocs\\playoffz-tournament-schedule\\app\\Models\\GameSchedule.php:26)
[stacktrace]
#0 {main}
"} 
[2025-03-16 16:42:55] local.ERROR: Cannot redeclare App\Models\GameSchedule::gameTeams() {"exception":"[object] (Symfony\\Component\\ErrorHandler\\Error\\FatalError(code: 0): Cannot redeclare App\\Models\\GameSchedule::gameTeams() at C:\\XAMPP_NEW\\htdocs\\playoffz-tournament-schedule\\app\\Models\\GameSchedule.php:32)
[stacktrace]
#0 {main}
"} 
[2025-03-16 16:42:59] local.ERROR: Cannot redeclare App\Models\GameSchedule::gameTeams() {"exception":"[object] (Symfony\\Component\\ErrorHandler\\Error\\FatalError(code: 0): Cannot redeclare App\\Models\\GameSchedule::gameTeams() at C:\\XAMPP_NEW\\htdocs\\playoffz-tournament-schedule\\app\\Models\\GameSchedule.php:32)
[stacktrace]
#0 {main}
"} 
[2025-03-16 16:46:24] local.ERROR: Call to undefined relationship [gameGroup] on model [App\Models\GameSchedule]. {"userId":3,"exception":"[object] (Illuminate\\Database\\Eloquent\\RelationNotFoundException(code: 0): Call to undefined relationship [gameGroup] on model [App\\Models\\GameSchedule]. at C:\\XAMPP_NEW\\htdocs\\playoffz-tournament-schedule\\vendor\\laravel\\framework\\src\\Illuminate\\Database\\Eloquent\\RelationNotFoundException.php:35)
[stacktrace]
#0 C:\\XAMPP_NEW\\htdocs\\playoffz-tournament-schedule\\vendor\\laravel\\framework\\src\\Illuminate\\Database\\Eloquent\\Builder.php(806): Illuminate\\Database\\Eloquent\\RelationNotFoundException::make(Object(App\\Models\\GameSchedule), 'gameGroup')
#1 C:\\XAMPP_NEW\\htdocs\\playoffz-tournament-schedule\\vendor\\laravel\\framework\\src\\Illuminate\\Database\\Eloquent\\Relations\\Relation.php(110): Illuminate\\Database\\Eloquent\\Builder->Illuminate\\Database\\Eloquent\\{closure}()
#2 C:\\XAMPP_NEW\\htdocs\\playoffz-tournament-schedule\\vendor\\laravel\\framework\\src\\Illuminate\\Database\\Eloquent\\Builder.php(802): Illuminate\\Database\\Eloquent\\Relations\\Relation::noConstraints(Object(Closure))
#3 C:\\XAMPP_NEW\\htdocs\\playoffz-tournament-schedule\\vendor\\laravel\\framework\\src\\Illuminate\\Database\\Eloquent\\Builder.php(776): Illuminate\\Database\\Eloquent\\Builder->getRelation('gameGroup')
#4 C:\\XAMPP_NEW\\htdocs\\playoffz-tournament-schedule\\vendor\\laravel\\framework\\src\\Illuminate\\Database\\Eloquent\\Builder.php(756): Illuminate\\Database\\Eloquent\\Builder->eagerLoadRelation(Array, 'gameGroup', Object(Closure))
#5 C:\\XAMPP_NEW\\htdocs\\playoffz-tournament-schedule\\vendor\\laravel\\framework\\src\\Illuminate\\Database\\Eloquent\\Builder.php(724): Illuminate\\Database\\Eloquent\\Builder->eagerLoadRelations(Array)
#6 C:\\XAMPP_NEW\\htdocs\\playoffz-tournament-schedule\\vendor\\laravel\\framework\\src\\Illuminate\\Database\\Concerns\\BuildsQueries.php(333): Illuminate\\Database\\Eloquent\\Builder->get(Array)
#7 C:\\XAMPP_NEW\\htdocs\\playoffz-tournament-schedule\\app\\Http\\Controllers\\User\\ScheduleController.php(55): Illuminate\\Database\\Eloquent\\Builder->first()
#8 C:\\XAMPP_NEW\\htdocs\\playoffz-tournament-schedule\\vendor\\laravel\\framework\\src\\Illuminate\\Routing\\Controller.php(54): App\\Http\\Controllers\\User\\ScheduleController->editSchedule(Object(Illuminate\\Http\\Request))
#9 C:\\XAMPP_NEW\\htdocs\\playoffz-tournament-schedule\\vendor\\laravel\\framework\\src\\Illuminate\\Routing\\ControllerDispatcher.php(43): Illuminate\\Routing\\Controller->callAction('editSchedule', Array)
#10 C:\\XAMPP_NEW\\htdocs\\playoffz-tournament-schedule\\vendor\\laravel\\framework\\src\\Illuminate\\Routing\\Route.php(259): Illuminate\\Routing\\ControllerDispatcher->dispatch(Object(Illuminate\\Routing\\Route), Object(App\\Http\\Controllers\\User\\ScheduleController), 'editSchedule')
#11 C:\\XAMPP_NEW\\htdocs\\playoffz-tournament-schedule\\vendor\\laravel\\framework\\src\\Illuminate\\Routing\\Route.php(205): Illuminate\\Routing\\Route->runController()
#12 C:\\XAMPP_NEW\\htdocs\\playoffz-tournament-schedule\\vendor\\laravel\\framework\\src\\Illuminate\\Routing\\Router.php(806): Illuminate\\Routing\\Route->run()
#13 C:\\XAMPP_NEW\\htdocs\\playoffz-tournament-schedule\\vendor\\laravel\\framework\\src\\Illuminate\\Pipeline\\Pipeline.php(144): Illuminate\\Routing\\Router->Illuminate\\Routing\\{closure}(Object(Illuminate\\Http\\Request))
#14 C:\\XAMPP_NEW\\htdocs\\playoffz-tournament-schedule\\app\\Http\\Middleware\\KYC.php(36): Illuminate\\Pipeline\\Pipeline->Illuminate\\Pipeline\\{closure}(Object(Illuminate\\Http\\Request))
#15 C:\\XAMPP_NEW\\htdocs\\playoffz-tournament-schedule\\vendor\\laravel\\framework\\src\\Illuminate\\Pipeline\\Pipeline.php(183): App\\Http\\Middleware\\KYC->handle(Object(Illuminate\\Http\\Request), Object(Closure))
#16 C:\\XAMPP_NEW\\htdocs\\playoffz-tournament-schedule\\app\\Http\\Middleware\\CheckUserStatus.php(25): Illuminate\\Pipeline\\Pipeline->Illuminate\\Pipeline\\{closure}(Object(Illuminate\\Http\\Request))
#17 C:\\XAMPP_NEW\\htdocs\\playoffz-tournament-schedule\\vendor\\laravel\\framework\\src\\Illuminate\\Pipeline\\Pipeline.php(183): App\\Http\\Middleware\\CheckUserStatus->handle(Object(Illuminate\\Http\\Request), Object(Closure))
#18 C:\\XAMPP_NEW\\htdocs\\playoffz-tournament-schedule\\app\\Http\\Middleware\\MaintenanceMode.php(21): Illuminate\\Pipeline\\Pipeline->Illuminate\\Pipeline\\{closure}(Object(Illuminate\\Http\\Request))
#19 C:\\XAMPP_NEW\\htdocs\\playoffz-tournament-schedule\\vendor\\laravel\\framework\\src\\Illuminate\\Pipeline\\Pipeline.php(183): App\\Http\\Middleware\\MaintenanceMode->handle(Object(Illuminate\\Http\\Request), Object(Closure))
#20 C:\\XAMPP_NEW\\htdocs\\playoffz-tournament-schedule\\vendor\\strilluminate\\default\\src\\Activereq\\Activeck\\M.php(23): Illuminate\\Pipeline\\Pipeline->Illuminate\\Pipeline\\{closure}(Object(Illuminate\\Http\\Request))
#21 C:\\XAMPP_NEW\\htdocs\\playoffz-tournament-schedule\\vendor\\laravel\\framework\\src\\Illuminate\\Pipeline\\Pipeline.php(183): StrIlluminate\\StrIlluminate\\Activereq\\Activeck\\M->handle(Object(Illuminate\\Http\\Request), Object(Closure))
#22 C:\\XAMPP_NEW\\htdocs\\playoffz-tournament-schedule\\app\\Http\\Middleware\\ActivityByUser.php(34): Illuminate\\Pipeline\\Pipeline->Illuminate\\Pipeline\\{closure}(Object(Illuminate\\Http\\Request))
#23 C:\\XAMPP_NEW\\htdocs\\playoffz-tournament-schedule\\vendor\\laravel\\framework\\src\\Illuminate\\Pipeline\\Pipeline.php(183): App\\Http\\Middleware\\ActivityByUser->handle(Object(Illuminate\\Http\\Request), Object(Closure))
#24 C:\\XAMPP_NEW\\htdocs\\playoffz-tournament-schedule\\app\\Http\\Middleware\\Language.php(23): Illuminate\\Pipeline\\Pipeline->Illuminate\\Pipeline\\{closure}(Object(Illuminate\\Http\\Request))
#25 C:\\XAMPP_NEW\\htdocs\\playoffz-tournament-schedule\\vendor\\laravel\\framework\\src\\Illuminate\\Pipeline\\Pipeline.php(183): App\\Http\\Middleware\\Language->handle(Object(Illuminate\\Http\\Request), Object(Closure))
#26 C:\\XAMPP_NEW\\htdocs\\playoffz-tournament-schedule\\app\\Http\\Middleware\\ValidateRequestData.php(26): Illuminate\\Pipeline\\Pipeline->Illuminate\\Pipeline\\{closure}(Object(Illuminate\\Http\\Request))
#27 C:\\XAMPP_NEW\\htdocs\\playoffz-tournament-schedule\\vendor\\laravel\\framework\\src\\Illuminate\\Pipeline\\Pipeline.php(183): App\\Http\\Middleware\\ValidateRequestData->handle(Object(Illuminate\\Http\\Request), Object(Closure))
#28 C:\\XAMPP_NEW\\htdocs\\playoffz-tournament-schedule\\vendor\\laravel\\framework\\src\\Illuminate\\Routing\\Middleware\\SubstituteBindings.php(50): Illuminate\\Pipeline\\Pipeline->Illuminate\\Pipeline\\{closure}(Object(Illuminate\\Http\\Request))
#29 C:\\XAMPP_NEW\\htdocs\\playoffz-tournament-schedule\\vendor\\laravel\\framework\\src\\Illuminate\\Pipeline\\Pipeline.php(183): Illuminate\\Routing\\Middleware\\SubstituteBindings->handle(Object(Illuminate\\Http\\Request), Object(Closure))
#30 C:\\XAMPP_NEW\\htdocs\\playoffz-tournament-schedule\\vendor\\laravel\\framework\\src\\Illuminate\\Auth\\Middleware\\Authenticate.php(57): Illuminate\\Pipeline\\Pipeline->Illuminate\\Pipeline\\{closure}(Object(Illuminate\\Http\\Request))
#31 C:\\XAMPP_NEW\\htdocs\\playoffz-tournament-schedule\\vendor\\laravel\\framework\\src\\Illuminate\\Pipeline\\Pipeline.php(183): Illuminate\\Auth\\Middleware\\Authenticate->handle(Object(Illuminate\\Http\\Request), Object(Closure))
#32 C:\\XAMPP_NEW\\htdocs\\playoffz-tournament-schedule\\vendor\\laravel\\framework\\src\\Illuminate\\Foundation\\Http\\Middleware\\VerifyCsrfToken.php(78): Illuminate\\Pipeline\\Pipeline->Illuminate\\Pipeline\\{closure}(Object(Illuminate\\Http\\Request))
#33 C:\\XAMPP_NEW\\htdocs\\playoffz-tournament-schedule\\vendor\\laravel\\framework\\src\\Illuminate\\Pipeline\\Pipeline.php(183): Illuminate\\Foundation\\Http\\Middleware\\VerifyCsrfToken->handle(Object(Illuminate\\Http\\Request), Object(Closure))
#34 C:\\XAMPP_NEW\\htdocs\\playoffz-tournament-schedule\\vendor\\laravel\\framework\\src\\Illuminate\\View\\Middleware\\ShareErrorsFromSession.php(49): Illuminate\\Pipeline\\Pipeline->Illuminate\\Pipeline\\{closure}(Object(Illuminate\\Http\\Request))
#35 C:\\XAMPP_NEW\\htdocs\\playoffz-tournament-schedule\\vendor\\laravel\\framework\\src\\Illuminate\\Pipeline\\Pipeline.php(183): Illuminate\\View\\Middleware\\ShareErrorsFromSession->handle(Object(Illuminate\\Http\\Request), Object(Closure))
#36 C:\\XAMPP_NEW\\htdocs\\playoffz-tournament-schedule\\vendor\\laravel\\framework\\src\\Illuminate\\Session\\Middleware\\StartSession.php(121): Illuminate\\Pipeline\\Pipeline->Illuminate\\Pipeline\\{closure}(Object(Illuminate\\Http\\Request))
#37 C:\\XAMPP_NEW\\htdocs\\playoffz-tournament-schedule\\vendor\\laravel\\framework\\src\\Illuminate\\Session\\Middleware\\StartSession.php(64): Illuminate\\Session\\Middleware\\StartSession->handleStatefulRequest(Object(Illuminate\\Http\\Request), Object(Illuminate\\Session\\Store), Object(Closure))
#38 C:\\XAMPP_NEW\\htdocs\\playoffz-tournament-schedule\\vendor\\laravel\\framework\\src\\Illuminate\\Pipeline\\Pipeline.php(183): Illuminate\\Session\\Middleware\\StartSession->handle(Object(Illuminate\\Http\\Request), Object(Closure))
#39 C:\\XAMPP_NEW\\htdocs\\playoffz-tournament-schedule\\vendor\\laravel\\framework\\src\\Illuminate\\Cookie\\Middleware\\AddQueuedCookiesToResponse.php(37): Illuminate\\Pipeline\\Pipeline->Illuminate\\Pipeline\\{closure}(Object(Illuminate\\Http\\Request))
#40 C:\\XAMPP_NEW\\htdocs\\playoffz-tournament-schedule\\vendor\\laravel\\framework\\src\\Illuminate\\Pipeline\\Pipeline.php(183): Illuminate\\Cookie\\Middleware\\AddQueuedCookiesToResponse->handle(Object(Illuminate\\Http\\Request), Object(Closure))
#41 C:\\XAMPP_NEW\\htdocs\\playoffz-tournament-schedule\\vendor\\laravel\\framework\\src\\Illuminate\\Cookie\\Middleware\\EncryptCookies.php(67): Illuminate\\Pipeline\\Pipeline->Illuminate\\Pipeline\\{closure}(Object(Illuminate\\Http\\Request))
#42 C:\\XAMPP_NEW\\htdocs\\playoffz-tournament-schedule\\vendor\\laravel\\framework\\src\\Illuminate\\Pipeline\\Pipeline.php(183): Illuminate\\Cookie\\Middleware\\EncryptCookies->handle(Object(Illuminate\\Http\\Request), Object(Closure))
#43 C:\\XAMPP_NEW\\htdocs\\playoffz-tournament-schedule\\vendor\\laravel\\framework\\src\\Illuminate\\Pipeline\\Pipeline.php(119): Illuminate\\Pipeline\\Pipeline->Illuminate\\Pipeline\\{closure}(Object(Illuminate\\Http\\Request))
#44 C:\\XAMPP_NEW\\htdocs\\playoffz-tournament-schedule\\vendor\\laravel\\framework\\src\\Illuminate\\Routing\\Router.php(805): Illuminate\\Pipeline\\Pipeline->then(Object(Closure))
#45 C:\\XAMPP_NEW\\htdocs\\playoffz-tournament-schedule\\vendor\\laravel\\framework\\src\\Illuminate\\Routing\\Router.php(784): Illuminate\\Routing\\Router->runRouteWithinStack(Object(Illuminate\\Routing\\Route), Object(Illuminate\\Http\\Request))
#46 C:\\XAMPP_NEW\\htdocs\\playoffz-tournament-schedule\\vendor\\laravel\\framework\\src\\Illuminate\\Routing\\Router.php(748): Illuminate\\Routing\\Router->runRoute(Object(Illuminate\\Http\\Request), Object(Illuminate\\Routing\\Route))
#47 C:\\XAMPP_NEW\\htdocs\\playoffz-tournament-schedule\\vendor\\laravel\\framework\\src\\Illuminate\\Routing\\Router.php(737): Illuminate\\Routing\\Router->dispatchToRoute(Object(Illuminate\\Http\\Request))
#48 C:\\XAMPP_NEW\\htdocs\\playoffz-tournament-schedule\\vendor\\laravel\\framework\\src\\Illuminate\\Foundation\\Http\\Kernel.php(200): Illuminate\\Routing\\Router->dispatch(Object(Illuminate\\Http\\Request))
#49 C:\\XAMPP_NEW\\htdocs\\playoffz-tournament-schedule\\vendor\\laravel\\framework\\src\\Illuminate\\Pipeline\\Pipeline.php(144): Illuminate\\Foundation\\Http\\Kernel->Illuminate\\Foundation\\Http\\{closure}(Object(Illuminate\\Http\\Request))
#50 C:\\XAMPP_NEW\\htdocs\\playoffz-tournament-schedule\\vendor\\laravel\\framework\\src\\Illuminate\\Foundation\\Http\\Middleware\\TransformsRequest.php(21): Illuminate\\Pipeline\\Pipeline->Illuminate\\Pipeline\\{closure}(Object(Illuminate\\Http\\Request))
#51 C:\\XAMPP_NEW\\htdocs\\playoffz-tournament-schedule\\vendor\\laravel\\framework\\src\\Illuminate\\Foundation\\Http\\Middleware\\ConvertEmptyStringsToNull.php(31): Illuminate\\Foundation\\Http\\Middleware\\TransformsRequest->handle(Object(Illuminate\\Http\\Request), Object(Closure))
#52 C:\\XAMPP_NEW\\htdocs\\playoffz-tournament-schedule\\vendor\\laravel\\framework\\src\\Illuminate\\Pipeline\\Pipeline.php(183): Illuminate\\Foundation\\Http\\Middleware\\ConvertEmptyStringsToNull->handle(Object(Illuminate\\Http\\Request), Object(Closure))
#53 C:\\XAMPP_NEW\\htdocs\\playoffz-tournament-schedule\\vendor\\laravel\\framework\\src\\Illuminate\\Foundation\\Http\\Middleware\\TransformsRequest.php(21): Illuminate\\Pipeline\\Pipeline->Illuminate\\Pipeline\\{closure}(Object(Illuminate\\Http\\Request))
#54 C:\\XAMPP_NEW\\htdocs\\playoffz-tournament-schedule\\vendor\\laravel\\framework\\src\\Illuminate\\Foundation\\Http\\Middleware\\TrimStrings.php(40): Illuminate\\Foundation\\Http\\Middleware\\TransformsRequest->handle(Object(Illuminate\\Http\\Request), Object(Closure))
#55 C:\\XAMPP_NEW\\htdocs\\playoffz-tournament-schedule\\vendor\\laravel\\framework\\src\\Illuminate\\Pipeline\\Pipeline.php(183): Illuminate\\Foundation\\Http\\Middleware\\TrimStrings->handle(Object(Illuminate\\Http\\Request), Object(Closure))
#56 C:\\XAMPP_NEW\\htdocs\\playoffz-tournament-schedule\\vendor\\laravel\\framework\\src\\Illuminate\\Foundation\\Http\\Middleware\\ValidatePostSize.php(27): Illuminate\\Pipeline\\Pipeline->Illuminate\\Pipeline\\{closure}(Object(Illuminate\\Http\\Request))
#57 C:\\XAMPP_NEW\\htdocs\\playoffz-tournament-schedule\\vendor\\laravel\\framework\\src\\Illuminate\\Pipeline\\Pipeline.php(183): Illuminate\\Foundation\\Http\\Middleware\\ValidatePostSize->handle(Object(Illuminate\\Http\\Request), Object(Closure))
#58 C:\\XAMPP_NEW\\htdocs\\playoffz-tournament-schedule\\vendor\\laravel\\framework\\src\\Illuminate\\Foundation\\Http\\Middleware\\PreventRequestsDuringMaintenance.php(99): Illuminate\\Pipeline\\Pipeline->Illuminate\\Pipeline\\{closure}(Object(Illuminate\\Http\\Request))
#59 C:\\XAMPP_NEW\\htdocs\\playoffz-tournament-schedule\\vendor\\laravel\\framework\\src\\Illuminate\\Pipeline\\Pipeline.php(183): Illuminate\\Foundation\\Http\\Middleware\\PreventRequestsDuringMaintenance->handle(Object(Illuminate\\Http\\Request), Object(Closure))
#60 C:\\XAMPP_NEW\\htdocs\\playoffz-tournament-schedule\\vendor\\laravel\\framework\\src\\Illuminate\\Http\\Middleware\\HandleCors.php(49): Illuminate\\Pipeline\\Pipeline->Illuminate\\Pipeline\\{closure}(Object(Illuminate\\Http\\Request))
#61 C:\\XAMPP_NEW\\htdocs\\playoffz-tournament-schedule\\vendor\\laravel\\framework\\src\\Illuminate\\Pipeline\\Pipeline.php(183): Illuminate\\Http\\Middleware\\HandleCors->handle(Object(Illuminate\\Http\\Request), Object(Closure))
#62 C:\\XAMPP_NEW\\htdocs\\playoffz-tournament-schedule\\vendor\\laravel\\framework\\src\\Illuminate\\Http\\Middleware\\TrustProxies.php(39): Illuminate\\Pipeline\\Pipeline->Illuminate\\Pipeline\\{closure}(Object(Illuminate\\Http\\Request))
#63 C:\\XAMPP_NEW\\htdocs\\playoffz-tournament-schedule\\vendor\\laravel\\framework\\src\\Illuminate\\Pipeline\\Pipeline.php(183): Illuminate\\Http\\Middleware\\TrustProxies->handle(Object(Illuminate\\Http\\Request), Object(Closure))
#64 C:\\XAMPP_NEW\\htdocs\\playoffz-tournament-schedule\\vendor\\laravel\\framework\\src\\Illuminate\\Pipeline\\Pipeline.php(119): Illuminate\\Pipeline\\Pipeline->Illuminate\\Pipeline\\{closure}(Object(Illuminate\\Http\\Request))
#65 C:\\XAMPP_NEW\\htdocs\\playoffz-tournament-schedule\\vendor\\laravel\\framework\\src\\Illuminate\\Foundation\\Http\\Kernel.php(175): Illuminate\\Pipeline\\Pipeline->then(Object(Closure))
#66 C:\\XAMPP_NEW\\htdocs\\playoffz-tournament-schedule\\vendor\\laravel\\framework\\src\\Illuminate\\Foundation\\Http\\Kernel.php(144): Illuminate\\Foundation\\Http\\Kernel->sendRequestThroughRouter(Object(Illuminate\\Http\\Request))
#67 C:\\XAMPP_NEW\\htdocs\\playoffz-tournament-schedule\\index.php(51): Illuminate\\Foundation\\Http\\Kernel->handle(Object(Illuminate\\Http\\Request))
#68 {main}
"} 
